Configuring cmdargs-0.10.12...
Building cmdargs-0.10.12...
Preprocessing library cmdargs-0.10.12...
[ 1 of 25] Compiling System.Console.CmdArgs.Implicit.Ann ( System/Console/CmdArgs/Implicit/Ann.hs, dist/dist-sandbox-7aa810c9/build/System/Console/CmdArgs/Implicit/Ann.o )
[ 2 of 25] Compiling System.Console.CmdArgs.Implicit.UI ( System/Console/CmdArgs/Implicit/UI.hs, dist/dist-sandbox-7aa810c9/build/System/Console/CmdArgs/Implicit/UI.o )
[ 3 of 25] Compiling System.Console.CmdArgs.Verbosity ( System/Console/CmdArgs/Verbosity.hs, dist/dist-sandbox-7aa810c9/build/System/Console/CmdArgs/Verbosity.o )
[ 4 of 25] Compiling System.Console.CmdArgs.Implicit.Type ( System/Console/CmdArgs/Implicit/Type.hs, dist/dist-sandbox-7aa810c9/build/System/Console/CmdArgs/Implicit/Type.o )
[ 5 of 25] Compiling System.Console.CmdArgs.Explicit.SplitJoin ( System/Console/CmdArgs/Explicit/SplitJoin.hs, dist/dist-sandbox-7aa810c9/build/System/Console/CmdArgs/Explicit/SplitJoin.o )
[ 6 of 25] Compiling System.Console.CmdArgs.Explicit.ExpandArgsAt ( System/Console/CmdArgs/Explicit/ExpandArgsAt.hs, dist/dist-sandbox-7aa810c9/build/System/Console/CmdArgs/Explicit/ExpandArgsAt.o )
[ 7 of 25] Compiling System.Console.CmdArgs.Explicit.Type ( System/Console/CmdArgs/Explicit/Type.hs, dist/dist-sandbox-7aa810c9/build/System/Console/CmdArgs/Explicit/Type.o )
[ 8 of 25] Compiling System.Console.CmdArgs.Explicit.Process ( System/Console/CmdArgs/Explicit/Process.hs, dist/dist-sandbox-7aa810c9/build/System/Console/CmdArgs/Explicit/Process.o )
[ 9 of 25] Compiling System.Console.CmdArgs.Explicit.Complete ( System/Console/CmdArgs/Explicit/Complete.hs, dist/dist-sandbox-7aa810c9/build/System/Console/CmdArgs/Explicit/Complete.o )
[10 of 25] Compiling System.Console.CmdArgs.Helper ( System/Console/CmdArgs/Helper.hs, dist/dist-sandbox-7aa810c9/build/System/Console/CmdArgs/Helper.o )
[11 of 25] Compiling System.Console.CmdArgs.Default ( System/Console/CmdArgs/Default.hs, dist/dist-sandbox-7aa810c9/build/System/Console/CmdArgs/Default.o )
[12 of 25] Compiling System.Console.CmdArgs.Text ( System/Console/CmdArgs/Text.hs, dist/dist-sandbox-7aa810c9/build/System/Console/CmdArgs/Text.o )
[13 of 25] Compiling System.Console.CmdArgs.Explicit.Help ( System/Console/CmdArgs/Explicit/Help.hs, dist/dist-sandbox-7aa810c9/build/System/Console/CmdArgs/Explicit/Help.o )
[14 of 25] Compiling System.Console.CmdArgs.Explicit ( System/Console/CmdArgs/Explicit.hs, dist/dist-sandbox-7aa810c9/build/System/Console/CmdArgs/Explicit.o )
[15 of 25] Compiling System.Console.CmdArgs.GetOpt ( System/Console/CmdArgs/GetOpt.hs, dist/dist-sandbox-7aa810c9/build/System/Console/CmdArgs/GetOpt.o )
[16 of 25] Compiling Data.Generics.Any ( Data/Generics/Any.hs, dist/dist-sandbox-7aa810c9/build/Data/Generics/Any.o )
[17 of 25] Compiling Data.Generics.Any.Prelude ( Data/Generics/Any/Prelude.hs, dist/dist-sandbox-7aa810c9/build/Data/Generics/Any/Prelude.o )
[18 of 25] Compiling System.Console.CmdArgs.Implicit.Reader ( System/Console/CmdArgs/Implicit/Reader.hs, dist/dist-sandbox-7aa810c9/build/System/Console/CmdArgs/Implicit/Reader.o )
[19 of 25] Compiling System.Console.CmdArgs.Annotate ( System/Console/CmdArgs/Annotate.hs, dist/dist-sandbox-7aa810c9/build/System/Console/CmdArgs/Annotate.o )
[20 of 25] Compiling System.Console.CmdArgs.Implicit.Local ( System/Console/CmdArgs/Implicit/Local.hs, dist/dist-sandbox-7aa810c9/build/System/Console/CmdArgs/Implicit/Local.o )
[21 of 25] Compiling System.Console.CmdArgs.Implicit.Reform ( System/Console/CmdArgs/Implicit/Reform.hs, dist/dist-sandbox-7aa810c9/build/System/Console/CmdArgs/Implicit/Reform.o )
[22 of 25] Compiling System.Console.CmdArgs.Implicit.Global ( System/Console/CmdArgs/Implicit/Global.hs, dist/dist-sandbox-7aa810c9/build/System/Console/CmdArgs/Implicit/Global.o )
[23 of 25] Compiling System.Console.CmdArgs.Implicit ( System/Console/CmdArgs/Implicit.hs, dist/dist-sandbox-7aa810c9/build/System/Console/CmdArgs/Implicit.o )
[24 of 25] Compiling System.Console.CmdArgs.Quote ( System/Console/CmdArgs/Quote.hs, dist/dist-sandbox-7aa810c9/build/System/Console/CmdArgs/Quote.o )
[25 of 25] Compiling System.Console.CmdArgs ( System/Console/CmdArgs.hs, dist/dist-sandbox-7aa810c9/build/System/Console/CmdArgs.o )
[ 1 of 25] Compiling System.Console.CmdArgs.Implicit.Ann ( System/Console/CmdArgs/Implicit/Ann.hs, dist/dist-sandbox-7aa810c9/build/System/Console/CmdArgs/Implicit/Ann.p_o )
[ 2 of 25] Compiling System.Console.CmdArgs.Implicit.UI ( System/Console/CmdArgs/Implicit/UI.hs, dist/dist-sandbox-7aa810c9/build/System/Console/CmdArgs/Implicit/UI.p_o )
[ 3 of 25] Compiling System.Console.CmdArgs.Verbosity ( System/Console/CmdArgs/Verbosity.hs, dist/dist-sandbox-7aa810c9/build/System/Console/CmdArgs/Verbosity.p_o )
[ 4 of 25] Compiling System.Console.CmdArgs.Implicit.Type ( System/Console/CmdArgs/Implicit/Type.hs, dist/dist-sandbox-7aa810c9/build/System/Console/CmdArgs/Implicit/Type.p_o )
[ 5 of 25] Compiling System.Console.CmdArgs.Explicit.SplitJoin ( System/Console/CmdArgs/Explicit/SplitJoin.hs, dist/dist-sandbox-7aa810c9/build/System/Console/CmdArgs/Explicit/SplitJoin.p_o )
[ 6 of 25] Compiling System.Console.CmdArgs.Explicit.ExpandArgsAt ( System/Console/CmdArgs/Explicit/ExpandArgsAt.hs, dist/dist-sandbox-7aa810c9/build/System/Console/CmdArgs/Explicit/ExpandArgsAt.p_o )
[ 7 of 25] Compiling System.Console.CmdArgs.Explicit.Type ( System/Console/CmdArgs/Explicit/Type.hs, dist/dist-sandbox-7aa810c9/build/System/Console/CmdArgs/Explicit/Type.p_o )
[ 8 of 25] Compiling System.Console.CmdArgs.Explicit.Process ( System/Console/CmdArgs/Explicit/Process.hs, dist/dist-sandbox-7aa810c9/build/System/Console/CmdArgs/Explicit/Process.p_o )
[ 9 of 25] Compiling System.Console.CmdArgs.Explicit.Complete ( System/Console/CmdArgs/Explicit/Complete.hs, dist/dist-sandbox-7aa810c9/build/System/Console/CmdArgs/Explicit/Complete.p_o )
[10 of 25] Compiling System.Console.CmdArgs.Helper ( System/Console/CmdArgs/Helper.hs, dist/dist-sandbox-7aa810c9/build/System/Console/CmdArgs/Helper.p_o )
[11 of 25] Compiling System.Console.CmdArgs.Default ( System/Console/CmdArgs/Default.hs, dist/dist-sandbox-7aa810c9/build/System/Console/CmdArgs/Default.p_o )
[12 of 25] Compiling System.Console.CmdArgs.Text ( System/Console/CmdArgs/Text.hs, dist/dist-sandbox-7aa810c9/build/System/Console/CmdArgs/Text.p_o )
[13 of 25] Compiling System.Console.CmdArgs.Explicit.Help ( System/Console/CmdArgs/Explicit/Help.hs, dist/dist-sandbox-7aa810c9/build/System/Console/CmdArgs/Explicit/Help.p_o )
[14 of 25] Compiling System.Console.CmdArgs.Explicit ( System/Console/CmdArgs/Explicit.hs, dist/dist-sandbox-7aa810c9/build/System/Console/CmdArgs/Explicit.p_o )
[15 of 25] Compiling System.Console.CmdArgs.GetOpt ( System/Console/CmdArgs/GetOpt.hs, dist/dist-sandbox-7aa810c9/build/System/Console/CmdArgs/GetOpt.p_o )
[16 of 25] Compiling Data.Generics.Any ( Data/Generics/Any.hs, dist/dist-sandbox-7aa810c9/build/Data/Generics/Any.p_o )
[17 of 25] Compiling Data.Generics.Any.Prelude ( Data/Generics/Any/Prelude.hs, dist/dist-sandbox-7aa810c9/build/Data/Generics/Any/Prelude.p_o )
[18 of 25] Compiling System.Console.CmdArgs.Implicit.Reader ( System/Console/CmdArgs/Implicit/Reader.hs, dist/dist-sandbox-7aa810c9/build/System/Console/CmdArgs/Implicit/Reader.p_o )
[19 of 25] Compiling System.Console.CmdArgs.Annotate ( System/Console/CmdArgs/Annotate.hs, dist/dist-sandbox-7aa810c9/build/System/Console/CmdArgs/Annotate.p_o )
[20 of 25] Compiling System.Console.CmdArgs.Implicit.Local ( System/Console/CmdArgs/Implicit/Local.hs, dist/dist-sandbox-7aa810c9/build/System/Console/CmdArgs/Implicit/Local.p_o )
[21 of 25] Compiling System.Console.CmdArgs.Implicit.Reform ( System/Console/CmdArgs/Implicit/Reform.hs, dist/dist-sandbox-7aa810c9/build/System/Console/CmdArgs/Implicit/Reform.p_o )
[22 of 25] Compiling System.Console.CmdArgs.Implicit.Global ( System/Console/CmdArgs/Implicit/Global.hs, dist/dist-sandbox-7aa810c9/build/System/Console/CmdArgs/Implicit/Global.p_o )
[23 of 25] Compiling System.Console.CmdArgs.Implicit ( System/Console/CmdArgs/Implicit.hs, dist/dist-sandbox-7aa810c9/build/System/Console/CmdArgs/Implicit.p_o )
[24 of 25] Compiling System.Console.CmdArgs.Quote ( System/Console/CmdArgs/Quote.hs, dist/dist-sandbox-7aa810c9/build/System/Console/CmdArgs/Quote.p_o )
[25 of 25] Compiling System.Console.CmdArgs ( System/Console/CmdArgs.hs, dist/dist-sandbox-7aa810c9/build/System/Console/CmdArgs.p_o )
In-place registering cmdargs-0.10.12...
Running Haddock for cmdargs-0.10.12...
Preprocessing library cmdargs-0.10.12...
Haddock coverage:
  50% (  1 /  2) in 'System.Console.CmdArgs.Implicit.Ann'
 100% ( 21 / 21) in 'System.Console.CmdArgs.Implicit.UI'
 100% (  8 /  8) in 'System.Console.CmdArgs.Verbosity'
  25% (  2 /  8) in 'System.Console.CmdArgs.Implicit.Type'
  67% (  2 /  3) in 'System.Console.CmdArgs.Explicit.SplitJoin'
  50% (  1 /  2) in 'System.Console.CmdArgs.Explicit.ExpandArgsAt'
  73% ( 24 / 33) in 'System.Console.CmdArgs.Explicit.Type'
  50% (  1 /  2) in 'System.Console.CmdArgs.Explicit.Process'
  60% (  3 /  5) in 'System.Console.CmdArgs.Explicit.Complete'
 100% (  8 /  8) in 'System.Console.CmdArgs.Helper'
   7% (  2 / 28) in 'System.Console.CmdArgs.Default'
 100% (  5 /  5) in 'System.Console.CmdArgs.Text'
  67% (  2 /  3) in 'System.Console.CmdArgs.Explicit.Help'
  85% ( 44 / 52) in 'System.Console.CmdArgs.Explicit'
 100% (  8 /  8) in 'System.Console.CmdArgs.GetOpt'
   4% (  1 / 27) in 'Data.Generics.Any'
   0% (  0 / 20) in 'Data.Generics.Any.Prelude'
   0% (  0 /  3) in 'System.Console.CmdArgs.Implicit.Reader'
 100% ( 17 / 17) in 'System.Console.CmdArgs.Annotate'
   8% (  1 / 12) in 'System.Console.CmdArgs.Implicit.Local'
   0% (  0 /  2) in 'System.Console.CmdArgs.Implicit.Reform'
   0% (  0 /  2) in 'System.Console.CmdArgs.Implicit.Global'
 100% ( 50 / 50) in 'System.Console.CmdArgs.Implicit'
 100% (  9 /  9) in 'System.Console.CmdArgs.Quote'
 100% (  2 /  2) in 'System.Console.CmdArgs'
Warning: System.Console.CmdArgs.Implicit: could not find link destinations for:
    System.Console.CmdArgs.Implicit.Type.CmdArgsPrivate GHC.IO.Handle.Types.Handle__
Documentation created: dist/dist-sandbox-7aa810c9/doc/html/cmdargs/index.html
Creating package registration file:
/var/folders/s5/6vvs4vcd4xq3r6j9pzq2hc7r0000gp/T/pkgConf-cmdargs-0.1010823.12
Installing library in
/Users/mathiashorrigan/Documents/edx/FP101x_introFunctionalProgramming/ghcmod/.cabal-sandbox/lib/x86_64-osx-ghc-7.8.3/cmdargs-0.10.12
Registering cmdargs-0.10.12...
