[1 of 1] Compiling Main             ( /var/folders/s5/6vvs4vcd4xq3r6j9pzq2hc7r0000gp/T/comonad-4.2.2-10823/comonad-4.2.2/dist/dist-sandbox-7aa810c9/setup/setup.hs, /var/folders/s5/6vvs4vcd4xq3r6j9pzq2hc7r0000gp/T/comonad-4.2.2-10823/comonad-4.2.2/dist/dist-sandbox-7aa810c9/setup/Main.o )
Linking /var/folders/s5/6vvs4vcd4xq3r6j9pzq2hc7r0000gp/T/comonad-4.2.2-10823/comonad-4.2.2/dist/dist-sandbox-7aa810c9/setup/setup ...
Configuring comonad-4.2.2...
Building comonad-4.2.2...
Preprocessing library comonad-4.2.2...
[ 1 of 16] Compiling Data.Functor.Composition ( src/Data/Functor/Composition.hs, dist/dist-sandbox-7aa810c9/build/Data/Functor/Composition.o )
[ 2 of 16] Compiling Control.Comonad.Trans.Identity ( src/Control/Comonad/Trans/Identity.hs, dist/dist-sandbox-7aa810c9/build/Control/Comonad/Trans/Identity.o )
[ 3 of 16] Compiling Control.Comonad  ( src/Control/Comonad.hs, dist/dist-sandbox-7aa810c9/build/Control/Comonad.o )
[ 4 of 16] Compiling Control.Comonad.Trans.Class ( src/Control/Comonad/Trans/Class.hs, dist/dist-sandbox-7aa810c9/build/Control/Comonad/Trans/Class.o )
[ 5 of 16] Compiling Control.Comonad.Hoist.Class ( src/Control/Comonad/Hoist/Class.hs, dist/dist-sandbox-7aa810c9/build/Control/Comonad/Hoist/Class.o )
[ 6 of 16] Compiling Control.Comonad.Trans.Env ( src/Control/Comonad/Trans/Env.hs, dist/dist-sandbox-7aa810c9/build/Control/Comonad/Trans/Env.o )
[ 7 of 16] Compiling Control.Comonad.Trans.Store ( src/Control/Comonad/Trans/Store.hs, dist/dist-sandbox-7aa810c9/build/Control/Comonad/Trans/Store.o )
[ 8 of 16] Compiling Control.Comonad.Trans.Traced ( src/Control/Comonad/Trans/Traced.hs, dist/dist-sandbox-7aa810c9/build/Control/Comonad/Trans/Traced.o )
[ 9 of 16] Compiling Control.Comonad.Env.Class ( src/Control/Comonad/Env/Class.hs, dist/dist-sandbox-7aa810c9/build/Control/Comonad/Env/Class.o )
[10 of 16] Compiling Control.Comonad.Env ( src/Control/Comonad/Env.hs, dist/dist-sandbox-7aa810c9/build/Control/Comonad/Env.o )
[11 of 16] Compiling Control.Comonad.Identity ( src/Control/Comonad/Identity.hs, dist/dist-sandbox-7aa810c9/build/Control/Comonad/Identity.o )
[12 of 16] Compiling Control.Comonad.Store.Class ( src/Control/Comonad/Store/Class.hs, dist/dist-sandbox-7aa810c9/build/Control/Comonad/Store/Class.o )
[13 of 16] Compiling Control.Comonad.Store ( src/Control/Comonad/Store.hs, dist/dist-sandbox-7aa810c9/build/Control/Comonad/Store.o )
[14 of 16] Compiling Control.Comonad.Traced.Class ( src/Control/Comonad/Traced/Class.hs, dist/dist-sandbox-7aa810c9/build/Control/Comonad/Traced/Class.o )
[15 of 16] Compiling Control.Comonad.Traced ( src/Control/Comonad/Traced.hs, dist/dist-sandbox-7aa810c9/build/Control/Comonad/Traced.o )
[16 of 16] Compiling Data.Functor.Coproduct ( src/Data/Functor/Coproduct.hs, dist/dist-sandbox-7aa810c9/build/Data/Functor/Coproduct.o )
[ 1 of 16] Compiling Data.Functor.Composition ( src/Data/Functor/Composition.hs, dist/dist-sandbox-7aa810c9/build/Data/Functor/Composition.p_o )
[ 2 of 16] Compiling Control.Comonad.Trans.Identity ( src/Control/Comonad/Trans/Identity.hs, dist/dist-sandbox-7aa810c9/build/Control/Comonad/Trans/Identity.p_o )
[ 3 of 16] Compiling Control.Comonad  ( src/Control/Comonad.hs, dist/dist-sandbox-7aa810c9/build/Control/Comonad.p_o )
[ 4 of 16] Compiling Control.Comonad.Trans.Class ( src/Control/Comonad/Trans/Class.hs, dist/dist-sandbox-7aa810c9/build/Control/Comonad/Trans/Class.p_o )
[ 5 of 16] Compiling Control.Comonad.Hoist.Class ( src/Control/Comonad/Hoist/Class.hs, dist/dist-sandbox-7aa810c9/build/Control/Comonad/Hoist/Class.p_o )
[ 6 of 16] Compiling Control.Comonad.Trans.Env ( src/Control/Comonad/Trans/Env.hs, dist/dist-sandbox-7aa810c9/build/Control/Comonad/Trans/Env.p_o )
[ 7 of 16] Compiling Control.Comonad.Trans.Store ( src/Control/Comonad/Trans/Store.hs, dist/dist-sandbox-7aa810c9/build/Control/Comonad/Trans/Store.p_o )
[ 8 of 16] Compiling Control.Comonad.Trans.Traced ( src/Control/Comonad/Trans/Traced.hs, dist/dist-sandbox-7aa810c9/build/Control/Comonad/Trans/Traced.p_o )
[ 9 of 16] Compiling Control.Comonad.Env.Class ( src/Control/Comonad/Env/Class.hs, dist/dist-sandbox-7aa810c9/build/Control/Comonad/Env/Class.p_o )
[10 of 16] Compiling Control.Comonad.Env ( src/Control/Comonad/Env.hs, dist/dist-sandbox-7aa810c9/build/Control/Comonad/Env.p_o )
[11 of 16] Compiling Control.Comonad.Identity ( src/Control/Comonad/Identity.hs, dist/dist-sandbox-7aa810c9/build/Control/Comonad/Identity.p_o )
[12 of 16] Compiling Control.Comonad.Store.Class ( src/Control/Comonad/Store/Class.hs, dist/dist-sandbox-7aa810c9/build/Control/Comonad/Store/Class.p_o )
[13 of 16] Compiling Control.Comonad.Store ( src/Control/Comonad/Store.hs, dist/dist-sandbox-7aa810c9/build/Control/Comonad/Store.p_o )
[14 of 16] Compiling Control.Comonad.Traced.Class ( src/Control/Comonad/Traced/Class.hs, dist/dist-sandbox-7aa810c9/build/Control/Comonad/Traced/Class.p_o )
[15 of 16] Compiling Control.Comonad.Traced ( src/Control/Comonad/Traced.hs, dist/dist-sandbox-7aa810c9/build/Control/Comonad/Traced.p_o )
[16 of 16] Compiling Data.Functor.Coproduct ( src/Data/Functor/Coproduct.hs, dist/dist-sandbox-7aa810c9/build/Data/Functor/Coproduct.p_o )
In-place registering comonad-4.2.2...
Running Haddock for comonad-4.2.2...
Preprocessing library comonad-4.2.2...
Haddock coverage:
  50% (  1 /  2) in 'Data.Functor.Composition'
 100% (  2 /  2) in 'Control.Comonad.Trans.Identity'
 100% ( 21 / 21) in 'Control.Comonad'
  50% (  1 /  2) in 'Control.Comonad.Trans.Class'
  50% (  1 /  2) in 'Control.Comonad.Hoist.Class'
  69% (  9 / 13) in 'Control.Comonad.Trans.Env'
  73% ( 11 / 15) in 'Control.Comonad.Trans.Store'
  33% (  4 / 12) in 'Control.Comonad.Trans.Traced'
  33% (  1 /  3) in 'Control.Comonad.Env.Class'
  60% (  9 / 15) in 'Control.Comonad.Env'
 100% (  4 /  4) in 'Control.Comonad.Identity'
  25% (  1 /  4) in 'Control.Comonad.Store.Class'
  62% (  8 / 13) in 'Control.Comonad.Store'
  33% (  1 /  3) in 'Control.Comonad.Traced.Class'
  57% (  8 / 14) in 'Control.Comonad.Traced'
  20% (  1 /  5) in 'Data.Functor.Coproduct'
Warning: Control.Comonad: could not find link destinations for:
    Data.Traversable.Id Data.Traversable.StateL Data.Traversable.StateR
Documentation created: dist/dist-sandbox-7aa810c9/doc/html/comonad/index.html
Creating package registration file:
/var/folders/s5/6vvs4vcd4xq3r6j9pzq2hc7r0000gp/T/pkgConf-comonad-4.210823.2
Installing library in
/Users/mathiashorrigan/Documents/edx/FP101x_introFunctionalProgramming/ghcmod/.cabal-sandbox/lib/x86_64-osx-ghc-7.8.3/comonad-4.2.2
Registering comonad-4.2.2...
