[1 of 1] Compiling Main             ( /var/folders/s5/6vvs4vcd4xq3r6j9pzq2hc7r0000gp/T/distributive-0.4.4-10823/distributive-0.4.4/dist/dist-sandbox-7aa810c9/setup/setup.hs, /var/folders/s5/6vvs4vcd4xq3r6j9pzq2hc7r0000gp/T/distributive-0.4.4-10823/distributive-0.4.4/dist/dist-sandbox-7aa810c9/setup/Main.o )
Linking /var/folders/s5/6vvs4vcd4xq3r6j9pzq2hc7r0000gp/T/distributive-0.4.4-10823/distributive-0.4.4/dist/dist-sandbox-7aa810c9/setup/setup ...
Configuring distributive-0.4.4...
Building distributive-0.4.4...
Preprocessing library distributive-0.4.4...
[1 of 2] Compiling Data.Distributive.Generic ( src/Data/Distributive/Generic.hs, dist/dist-sandbox-7aa810c9/build/Data/Distributive/Generic.o )
[2 of 2] Compiling Data.Distributive ( src/Data/Distributive.hs, dist/dist-sandbox-7aa810c9/build/Data/Distributive.o )
[1 of 2] Compiling Data.Distributive.Generic ( src/Data/Distributive/Generic.hs, dist/dist-sandbox-7aa810c9/build/Data/Distributive/Generic.p_o )
[2 of 2] Compiling Data.Distributive ( src/Data/Distributive.hs, dist/dist-sandbox-7aa810c9/build/Data/Distributive.p_o )
In-place registering distributive-0.4.4...
Running Haddock for distributive-0.4.4...
Preprocessing library distributive-0.4.4...
Haddock coverage:
  67% (  2 /  3) in 'Data.Distributive.Generic'
 100% (  4 /  4) in 'Data.Distributive'
Documentation created:
dist/dist-sandbox-7aa810c9/doc/html/distributive/index.html
Creating package registration file:
/var/folders/s5/6vvs4vcd4xq3r6j9pzq2hc7r0000gp/T/pkgConf-distributive-0.410823.4
Installing library in
/Users/mathiashorrigan/Documents/edx/FP101x_introFunctionalProgramming/ghcmod/.cabal-sandbox/lib/x86_64-osx-ghc-7.8.3/distributive-0.4.4
Registering distributive-0.4.4...
