Configuring either-4.3.1...
Building either-4.3.1...
Preprocessing library either-4.3.1...
[1 of 2] Compiling Data.Either.Combinators ( src/Data/Either/Combinators.hs, dist/dist-sandbox-7aa810c9/build/Data/Either/Combinators.o )
[2 of 2] Compiling Control.Monad.Trans.Either ( src/Control/Monad/Trans/Either.hs, dist/dist-sandbox-7aa810c9/build/Control/Monad/Trans/Either.o )
[1 of 2] Compiling Data.Either.Combinators ( src/Data/Either/Combinators.hs, dist/dist-sandbox-7aa810c9/build/Data/Either/Combinators.p_o )
[2 of 2] Compiling Control.Monad.Trans.Either ( src/Control/Monad/Trans/Either.hs, dist/dist-sandbox-7aa810c9/build/Control/Monad/Trans/Either.p_o )
In-place registering either-4.3.1...
Running Haddock for either-4.3.1...
Preprocessing library either-4.3.1...
Haddock coverage:
 100% ( 16 / 16) in 'Data.Either.Combinators'
 100% (  8 /  8) in 'Control.Monad.Trans.Either'
Warning: Control.Monad.Trans.Either: could not find link destinations for:
    Control.Monad.Trans.Either.TFCo:R:StTEitherTa Control.Monad.Trans.Either.StEitherT Control.Monad.Trans.Either.unStEitherT Control.Monad.Trans.Either.TFCo:R:StMEitherTa Control.Monad.Trans.Either.StMEitherT Control.Monad.Trans.Either.unStMEitherT
Documentation created: dist/dist-sandbox-7aa810c9/doc/html/either/index.html
Creating package registration file:
/var/folders/s5/6vvs4vcd4xq3r6j9pzq2hc7r0000gp/T/pkgConf-either-4.310823.1
Installing library in
/Users/mathiashorrigan/Documents/edx/FP101x_introFunctionalProgramming/ghcmod/.cabal-sandbox/lib/x86_64-osx-ghc-7.8.3/either-4.3.1
Registering either-4.3.1...
