Configuring exceptions-0.6.1...
Building exceptions-0.6.1...
Preprocessing library exceptions-0.6.1...
[1 of 2] Compiling Control.Monad.Catch ( src/Control/Monad/Catch.hs, dist/dist-sandbox-7aa810c9/build/Control/Monad/Catch.o )

src/Control/Monad/Catch.hs:99:1: Warning:
    The import of ‘Control.Monad.Trans.Reader’ is redundant
      except perhaps to import instances from ‘Control.Monad.Trans.Reader’
    To import instances alone, use: import Control.Monad.Trans.Reader()
[2 of 2] Compiling Control.Monad.Catch.Pure ( src/Control/Monad/Catch/Pure.hs, dist/dist-sandbox-7aa810c9/build/Control/Monad/Catch/Pure.o )
[1 of 2] Compiling Control.Monad.Catch ( src/Control/Monad/Catch.hs, dist/dist-sandbox-7aa810c9/build/Control/Monad/Catch.p_o )

src/Control/Monad/Catch.hs:99:1: Warning:
    The import of ‘Control.Monad.Trans.Reader’ is redundant
      except perhaps to import instances from ‘Control.Monad.Trans.Reader’
    To import instances alone, use: import Control.Monad.Trans.Reader()
[2 of 2] Compiling Control.Monad.Catch.Pure ( src/Control/Monad/Catch/Pure.hs, dist/dist-sandbox-7aa810c9/build/Control/Monad/Catch/Pure.p_o )
In-place registering exceptions-0.6.1...
Running Haddock for exceptions-0.6.1...
Preprocessing library exceptions-0.6.1...

src/Control/Monad/Catch.hs:99:1: Warning:
    The import of ‘Control.Monad.Trans.Reader’ is redundant
      except perhaps to import instances from ‘Control.Monad.Trans.Reader’
    To import instances alone, use: import Control.Monad.Trans.Reader()
Haddock coverage:
 100% ( 31 / 31) in 'Control.Monad.Catch'
  80% (  8 / 10) in 'Control.Monad.Catch.Pure'
Documentation created:
dist/dist-sandbox-7aa810c9/doc/html/exceptions/index.html
Creating package registration file:
/var/folders/s5/6vvs4vcd4xq3r6j9pzq2hc7r0000gp/T/pkgConf-exceptions-0.610823.1
Installing library in
/Users/mathiashorrigan/Documents/edx/FP101x_introFunctionalProgramming/ghcmod/.cabal-sandbox/lib/x86_64-osx-ghc-7.8.3/exceptions-0.6.1
Registering exceptions-0.6.1...
