Configuring free-4.9...
Building free-4.9...
Preprocessing library free-4.9...
[ 1 of 14] Compiling Control.Monad.Free.TH ( src/Control/Monad/Free/TH.hs, dist/dist-sandbox-7aa810c9/build/Control/Monad/Free/TH.o )
[ 2 of 14] Compiling Control.Monad.Free.Class ( src/Control/Monad/Free/Class.hs, dist/dist-sandbox-7aa810c9/build/Control/Monad/Free/Class.o )
[ 3 of 14] Compiling Control.Monad.Trans.Iter ( src/Control/Monad/Trans/Iter.hs, dist/dist-sandbox-7aa810c9/build/Control/Monad/Trans/Iter.o )
[ 4 of 14] Compiling Control.Monad.Trans.Free ( src/Control/Monad/Trans/Free.hs, dist/dist-sandbox-7aa810c9/build/Control/Monad/Trans/Free.o )
[ 5 of 14] Compiling Control.Monad.Trans.Free.Church ( src/Control/Monad/Trans/Free/Church.hs, dist/dist-sandbox-7aa810c9/build/Control/Monad/Trans/Free/Church.o )
[ 6 of 14] Compiling Control.Monad.Free ( src/Control/Monad/Free.hs, dist/dist-sandbox-7aa810c9/build/Control/Monad/Free.o )
[ 7 of 14] Compiling Control.Monad.Free.Church ( src/Control/Monad/Free/Church.hs, dist/dist-sandbox-7aa810c9/build/Control/Monad/Free/Church.o )
[ 8 of 14] Compiling Control.Comonad.Cofree.Class ( src/Control/Comonad/Cofree/Class.hs, dist/dist-sandbox-7aa810c9/build/Control/Comonad/Cofree/Class.o )
[ 9 of 14] Compiling Control.Comonad.Trans.Cofree ( src/Control/Comonad/Trans/Cofree.hs, dist/dist-sandbox-7aa810c9/build/Control/Comonad/Trans/Cofree.o )
[10 of 14] Compiling Control.Comonad.Trans.Coiter ( src/Control/Comonad/Trans/Coiter.hs, dist/dist-sandbox-7aa810c9/build/Control/Comonad/Trans/Coiter.o )
[11 of 14] Compiling Control.Comonad.Cofree ( src/Control/Comonad/Cofree.hs, dist/dist-sandbox-7aa810c9/build/Control/Comonad/Cofree.o )
[12 of 14] Compiling Control.Alternative.Free ( src/Control/Alternative/Free.hs, dist/dist-sandbox-7aa810c9/build/Control/Alternative/Free.o )
[13 of 14] Compiling Control.Applicative.Trans.Free ( src/Control/Applicative/Trans/Free.hs, dist/dist-sandbox-7aa810c9/build/Control/Applicative/Trans/Free.o )
[14 of 14] Compiling Control.Applicative.Free ( src/Control/Applicative/Free.hs, dist/dist-sandbox-7aa810c9/build/Control/Applicative/Free.o )
[ 1 of 14] Compiling Control.Monad.Free.TH ( src/Control/Monad/Free/TH.hs, dist/dist-sandbox-7aa810c9/build/Control/Monad/Free/TH.p_o )
[ 2 of 14] Compiling Control.Monad.Free.Class ( src/Control/Monad/Free/Class.hs, dist/dist-sandbox-7aa810c9/build/Control/Monad/Free/Class.p_o )
[ 3 of 14] Compiling Control.Monad.Trans.Iter ( src/Control/Monad/Trans/Iter.hs, dist/dist-sandbox-7aa810c9/build/Control/Monad/Trans/Iter.p_o )
[ 4 of 14] Compiling Control.Monad.Trans.Free ( src/Control/Monad/Trans/Free.hs, dist/dist-sandbox-7aa810c9/build/Control/Monad/Trans/Free.p_o )
[ 5 of 14] Compiling Control.Monad.Trans.Free.Church ( src/Control/Monad/Trans/Free/Church.hs, dist/dist-sandbox-7aa810c9/build/Control/Monad/Trans/Free/Church.p_o )
[ 6 of 14] Compiling Control.Monad.Free ( src/Control/Monad/Free.hs, dist/dist-sandbox-7aa810c9/build/Control/Monad/Free.p_o )
[ 7 of 14] Compiling Control.Monad.Free.Church ( src/Control/Monad/Free/Church.hs, dist/dist-sandbox-7aa810c9/build/Control/Monad/Free/Church.p_o )
[ 8 of 14] Compiling Control.Comonad.Cofree.Class ( src/Control/Comonad/Cofree/Class.hs, dist/dist-sandbox-7aa810c9/build/Control/Comonad/Cofree/Class.p_o )
[ 9 of 14] Compiling Control.Comonad.Trans.Cofree ( src/Control/Comonad/Trans/Cofree.hs, dist/dist-sandbox-7aa810c9/build/Control/Comonad/Trans/Cofree.p_o )
[10 of 14] Compiling Control.Comonad.Trans.Coiter ( src/Control/Comonad/Trans/Coiter.hs, dist/dist-sandbox-7aa810c9/build/Control/Comonad/Trans/Coiter.p_o )
[11 of 14] Compiling Control.Comonad.Cofree ( src/Control/Comonad/Cofree.hs, dist/dist-sandbox-7aa810c9/build/Control/Comonad/Cofree.p_o )
[12 of 14] Compiling Control.Alternative.Free ( src/Control/Alternative/Free.hs, dist/dist-sandbox-7aa810c9/build/Control/Alternative/Free.p_o )
[13 of 14] Compiling Control.Applicative.Trans.Free ( src/Control/Applicative/Trans/Free.hs, dist/dist-sandbox-7aa810c9/build/Control/Applicative/Trans/Free.p_o )
[14 of 14] Compiling Control.Applicative.Free ( src/Control/Applicative/Free.hs, dist/dist-sandbox-7aa810c9/build/Control/Applicative/Free.p_o )
In-place registering free-4.9...
Running Haddock for free-4.9...
Preprocessing library free-4.9...
Haddock coverage:
 100% (  6 /  6) in 'Control.Monad.Free.TH'
 100% (  4 /  4) in 'Control.Monad.Free.Class'
 100% ( 24 / 24) in 'Control.Monad.Trans.Iter'
 100% ( 22 / 22) in 'Control.Monad.Trans.Free'
 100% ( 24 / 24) in 'Control.Monad.Trans.Free.Church'
 100% ( 12 / 12) in 'Control.Monad.Free'
 100% ( 10 / 10) in 'Control.Monad.Free.Church'
 100% (  2 /  2) in 'Control.Comonad.Cofree.Class'
 100% ( 10 / 10) in 'Control.Comonad.Trans.Cofree'
 100% ( 14 / 14) in 'Control.Comonad.Trans.Coiter'
 100% ( 10 / 10) in 'Control.Comonad.Cofree'
  67% (  4 /  6) in 'Control.Alternative.Free'
 100% ( 21 / 21) in 'Control.Applicative.Trans.Free'
 100% ( 10 / 10) in 'Control.Applicative.Free'
Documentation created: dist/dist-sandbox-7aa810c9/doc/html/free/index.html
Creating package registration file:
/var/folders/s5/6vvs4vcd4xq3r6j9pzq2hc7r0000gp/T/pkgConf-free-410823.9
Installing library in
/Users/mathiashorrigan/Documents/edx/FP101x_introFunctionalProgramming/ghcmod/.cabal-sandbox/lib/x86_64-osx-ghc-7.8.3/free-4.9
Registering free-4.9...
