Configuring hashable-1.2.2.0...
Building hashable-1.2.2.0...
Preprocessing library hashable-1.2.2.0...
[1 of 3] Compiling Data.Hashable.Class ( Data/Hashable/Class.hs, dist/dist-sandbox-7aa810c9/build/Data/Hashable/Class.o )

Data/Hashable/Class.hs:201:11: Warning:
    In the use of ‘bitSize’ (imported from Data.Bits):
    Deprecated: "Use 'bitSizeMaybe' or 'finiteBitSize' instead"

Data/Hashable/Class.hs:224:11: Warning:
    In the use of ‘bitSize’ (imported from Data.Bits):
    Deprecated: "Use 'bitSizeMaybe' or 'finiteBitSize' instead"

Data/Hashable/Class.hs:105:15: Warning:
    Literal 15868100553162883236 is out of the Int range -9223372036854775808..9223372036854775807
[2 of 3] Compiling Data.Hashable.Generic ( Data/Hashable/Generic.hs, dist/dist-sandbox-7aa810c9/build/Data/Hashable/Generic.o )

Data/Hashable/Generic.hs:20:1: Warning:
    The import of ‘Bits’ from module ‘Data.Bits’ is redundant
[3 of 3] Compiling Data.Hashable    ( Data/Hashable.hs, dist/dist-sandbox-7aa810c9/build/Data/Hashable.o )
[1 of 3] Compiling Data.Hashable.Class ( Data/Hashable/Class.hs, dist/dist-sandbox-7aa810c9/build/Data/Hashable/Class.p_o )

Data/Hashable/Class.hs:201:11: Warning:
    In the use of ‘bitSize’ (imported from Data.Bits):
    Deprecated: "Use 'bitSizeMaybe' or 'finiteBitSize' instead"

Data/Hashable/Class.hs:224:11: Warning:
    In the use of ‘bitSize’ (imported from Data.Bits):
    Deprecated: "Use 'bitSizeMaybe' or 'finiteBitSize' instead"

Data/Hashable/Class.hs:105:15: Warning:
    Literal 15868100553162883236 is out of the Int range -9223372036854775808..9223372036854775807
[2 of 3] Compiling Data.Hashable.Generic ( Data/Hashable/Generic.hs, dist/dist-sandbox-7aa810c9/build/Data/Hashable/Generic.p_o )

Data/Hashable/Generic.hs:20:1: Warning:
    The import of ‘Bits’ from module ‘Data.Bits’ is redundant
[3 of 3] Compiling Data.Hashable    ( Data/Hashable.hs, dist/dist-sandbox-7aa810c9/build/Data/Hashable.p_o )
In-place registering hashable-1.2.2.0...
Running Haddock for hashable-1.2.2.0...
Preprocessing library hashable-1.2.2.0...

Data/Hashable/Class.hs:201:11: Warning:
    In the use of ‘bitSize’ (imported from Data.Bits):
    Deprecated: "Use 'bitSizeMaybe' or 'finiteBitSize' instead"

Data/Hashable/Class.hs:224:11: Warning:
    In the use of ‘bitSize’ (imported from Data.Bits):
    Deprecated: "Use 'bitSizeMaybe' or 'finiteBitSize' instead"

Data/Hashable/Generic.hs:20:1: Warning:
    The import of ‘Bits’ from module ‘Data.Bits’ is redundant
Haddock coverage:
 100% ( 11 / 11) in 'Data.Hashable.Class'
 100% (  1 /  1) in 'Data.Hashable.Generic'
 100% ( 22 / 22) in 'Data.Hashable'
Warning: Data.Hashable: could not find link destinations for:
    Data.Hashable.Class.GHashable
Documentation created: dist/dist-sandbox-7aa810c9/doc/html/hashable/index.html
Creating package registration file:
/var/folders/s5/6vvs4vcd4xq3r6j9pzq2hc7r0000gp/T/pkgConf-hashable-1.2.210823.0
Installing library in
/Users/mathiashorrigan/Documents/edx/FP101x_introFunctionalProgramming/ghcmod/.cabal-sandbox/lib/x86_64-osx-ghc-7.8.3/hashable-1.2.2.0
Registering hashable-1.2.2.0...
