Configuring profunctors-4.2.0.1...
Building profunctors-4.2.0.1...
Preprocessing library profunctors-4.2.0.1...
[ 1 of 14] Compiling Data.Profunctor.Trace ( src/Data/Profunctor/Trace.hs, dist/dist-sandbox-7aa810c9/build/Data/Profunctor/Trace.o )
[ 2 of 14] Compiling Data.Profunctor.Unsafe ( src/Data/Profunctor/Unsafe.hs, dist/dist-sandbox-7aa810c9/build/Data/Profunctor/Unsafe.o )
Loading package ghc-prim ... linking ... done.
Loading package integer-gmp ... linking ... done.
Loading package base ... linking ... done.
Loading package array-0.5.0.0 ... linking ... done.
Loading package deepseq-1.3.0.2 ... linking ... done.
Loading package containers-0.5.5.1 ... linking ... done.
Loading package bytestring-0.10.4.0 ... linking ... done.
Loading package text-1.2.0.0 ... linking ... done.
Loading package hashable-1.2.2.0 ... linking ... done.
Loading package nats-0.2 ... linking ... done.
Loading package unordered-containers-0.2.5.1 ... linking ... done.
Loading package semigroups-0.15.3 ... linking ... done.
Loading package transformers-0.3.0.0 ... linking ... done.
Loading package transformers-compat-0.3.3.4 ... linking ... done.
Loading package void-0.6.1 ... linking ... done.
Loading package contravariant-1.2 ... linking ... done.
Loading package tagged-0.7.2 ... linking ... done.
Loading package distributive-0.4.4 ... linking ... done.
Loading package comonad-4.2.2 ... linking ... done.
Loading package semigroupoids-4.2 ... linking ... done.
[ 3 of 14] Compiling Data.Profunctor  ( src/Data/Profunctor.hs, dist/dist-sandbox-7aa810c9/build/Data/Profunctor.o )
[ 4 of 14] Compiling Data.Profunctor.Monad ( src/Data/Profunctor/Monad.hs, dist/dist-sandbox-7aa810c9/build/Data/Profunctor/Monad.o )
[ 5 of 14] Compiling Data.Profunctor.Adjunction ( src/Data/Profunctor/Adjunction.hs, dist/dist-sandbox-7aa810c9/build/Data/Profunctor/Adjunction.o )
[ 6 of 14] Compiling Data.Profunctor.Cayley ( src/Data/Profunctor/Cayley.hs, dist/dist-sandbox-7aa810c9/build/Data/Profunctor/Cayley.o )
[ 7 of 14] Compiling Data.Profunctor.Closed ( src/Data/Profunctor/Closed.hs, dist/dist-sandbox-7aa810c9/build/Data/Profunctor/Closed.o )
[ 8 of 14] Compiling Data.Profunctor.Rep ( src/Data/Profunctor/Rep.hs, dist/dist-sandbox-7aa810c9/build/Data/Profunctor/Rep.o )
[ 9 of 14] Compiling Data.Profunctor.Composition ( src/Data/Profunctor/Composition.hs, dist/dist-sandbox-7aa810c9/build/Data/Profunctor/Composition.o )
[10 of 14] Compiling Data.Profunctor.Codensity ( src/Data/Profunctor/Codensity.hs, dist/dist-sandbox-7aa810c9/build/Data/Profunctor/Codensity.o )
[11 of 14] Compiling Data.Profunctor.Collage ( src/Data/Profunctor/Collage.hs, dist/dist-sandbox-7aa810c9/build/Data/Profunctor/Collage.o )
[12 of 14] Compiling Data.Profunctor.Monoid ( src/Data/Profunctor/Monoid.hs, dist/dist-sandbox-7aa810c9/build/Data/Profunctor/Monoid.o )
[13 of 14] Compiling Data.Profunctor.Ran ( src/Data/Profunctor/Ran.hs, dist/dist-sandbox-7aa810c9/build/Data/Profunctor/Ran.o )
[14 of 14] Compiling Data.Profunctor.Tambara ( src/Data/Profunctor/Tambara.hs, dist/dist-sandbox-7aa810c9/build/Data/Profunctor/Tambara.o )
[ 1 of 14] Compiling Data.Profunctor.Trace ( src/Data/Profunctor/Trace.hs, dist/dist-sandbox-7aa810c9/build/Data/Profunctor/Trace.p_o )
[ 2 of 14] Compiling Data.Profunctor.Unsafe ( src/Data/Profunctor/Unsafe.hs, dist/dist-sandbox-7aa810c9/build/Data/Profunctor/Unsafe.p_o )
Loading package ghc-prim ... linking ... done.
Loading package integer-gmp ... linking ... done.
Loading package base ... linking ... done.
Loading package array-0.5.0.0 ... linking ... done.
Loading package deepseq-1.3.0.2 ... linking ... done.
Loading package containers-0.5.5.1 ... linking ... done.
Loading package bytestring-0.10.4.0 ... linking ... done.
Loading package text-1.2.0.0 ... linking ... done.
Loading package hashable-1.2.2.0 ... linking ... done.
Loading package nats-0.2 ... linking ... done.
Loading package unordered-containers-0.2.5.1 ... linking ... done.
Loading package semigroups-0.15.3 ... linking ... done.
Loading package transformers-0.3.0.0 ... linking ... done.
Loading package transformers-compat-0.3.3.4 ... linking ... done.
Loading package void-0.6.1 ... linking ... done.
Loading package contravariant-1.2 ... linking ... done.
Loading package tagged-0.7.2 ... linking ... done.
Loading package distributive-0.4.4 ... linking ... done.
Loading package comonad-4.2.2 ... linking ... done.
Loading package semigroupoids-4.2 ... linking ... done.
[ 3 of 14] Compiling Data.Profunctor  ( src/Data/Profunctor.hs, dist/dist-sandbox-7aa810c9/build/Data/Profunctor.p_o )
[ 4 of 14] Compiling Data.Profunctor.Monad ( src/Data/Profunctor/Monad.hs, dist/dist-sandbox-7aa810c9/build/Data/Profunctor/Monad.p_o )
[ 5 of 14] Compiling Data.Profunctor.Adjunction ( src/Data/Profunctor/Adjunction.hs, dist/dist-sandbox-7aa810c9/build/Data/Profunctor/Adjunction.p_o )
[ 6 of 14] Compiling Data.Profunctor.Cayley ( src/Data/Profunctor/Cayley.hs, dist/dist-sandbox-7aa810c9/build/Data/Profunctor/Cayley.p_o )
[ 7 of 14] Compiling Data.Profunctor.Closed ( src/Data/Profunctor/Closed.hs, dist/dist-sandbox-7aa810c9/build/Data/Profunctor/Closed.p_o )
[ 8 of 14] Compiling Data.Profunctor.Rep ( src/Data/Profunctor/Rep.hs, dist/dist-sandbox-7aa810c9/build/Data/Profunctor/Rep.p_o )
[ 9 of 14] Compiling Data.Profunctor.Composition ( src/Data/Profunctor/Composition.hs, dist/dist-sandbox-7aa810c9/build/Data/Profunctor/Composition.p_o )
[10 of 14] Compiling Data.Profunctor.Codensity ( src/Data/Profunctor/Codensity.hs, dist/dist-sandbox-7aa810c9/build/Data/Profunctor/Codensity.p_o )
[11 of 14] Compiling Data.Profunctor.Collage ( src/Data/Profunctor/Collage.hs, dist/dist-sandbox-7aa810c9/build/Data/Profunctor/Collage.p_o )
[12 of 14] Compiling Data.Profunctor.Monoid ( src/Data/Profunctor/Monoid.hs, dist/dist-sandbox-7aa810c9/build/Data/Profunctor/Monoid.p_o )
[13 of 14] Compiling Data.Profunctor.Ran ( src/Data/Profunctor/Ran.hs, dist/dist-sandbox-7aa810c9/build/Data/Profunctor/Ran.p_o )
[14 of 14] Compiling Data.Profunctor.Tambara ( src/Data/Profunctor/Tambara.hs, dist/dist-sandbox-7aa810c9/build/Data/Profunctor/Tambara.p_o )
In-place registering profunctors-4.2.0.1...
Running Haddock for profunctors-4.2.0.1...
Preprocessing library profunctors-4.2.0.1...
Haddock coverage:
 100% (  2 /  2) in 'Data.Profunctor.Trace'
 100% (  3 /  3) in 'Data.Profunctor.Unsafe'
  83% ( 10 / 12) in 'Data.Profunctor'
   0% (  0 /  4) in 'Data.Profunctor.Monad'
   0% (  0 /  2) in 'Data.Profunctor.Adjunction'
  21% (  3 / 14) in 'Data.Profunctor.Cayley'
  67% (  4 /  6) in 'Data.Profunctor.Closed'
 100% (  7 /  7) in 'Data.Profunctor.Rep'
  94% ( 15 / 16) in 'Data.Profunctor.Composition'
  67% (  2 /  3) in 'Data.Profunctor.Codensity'
 100% (  2 /  2) in 'Data.Profunctor.Collage'
  33% (  1 /  3) in 'Data.Profunctor.Monoid'
  50% (  3 /  6) in 'Data.Profunctor.Ran'
  89% (  8 /  9) in 'Data.Profunctor.Tambara'
Warning: Data.Profunctor.Rep: could not find link destinations for:
    Data.Profunctor.Rep.Iso
Warning: Data.Profunctor.Composition: could not find link destinations for:
    Data.Profunctor.Composition.Iso
Documentation created:
dist/dist-sandbox-7aa810c9/doc/html/profunctors/index.html
Creating package registration file:
/var/folders/s5/6vvs4vcd4xq3r6j9pzq2hc7r0000gp/T/pkgConf-profunctors-4.2.010823.1
Installing library in
/Users/mathiashorrigan/Documents/edx/FP101x_introFunctionalProgramming/ghcmod/.cabal-sandbox/lib/x86_64-osx-ghc-7.8.3/profunctors-4.2.0.1
Registering profunctors-4.2.0.1...
