Configuring semigroupoids-4.2...
Building semigroupoids-4.2...
Preprocessing library semigroupoids-4.2...
[ 1 of 20] Compiling Data.Traversable.Instances ( src/Data/Traversable/Instances.hs, dist/dist-sandbox-7aa810c9/build/Data/Traversable/Instances.o )
[ 2 of 20] Compiling Data.Functor.Extend ( src/Data/Functor/Extend.hs, dist/dist-sandbox-7aa810c9/build/Data/Functor/Extend.o )
[ 3 of 20] Compiling Data.Functor.Bind ( src/Data/Functor/Bind.hs, dist/dist-sandbox-7aa810c9/build/Data/Functor/Bind.o )

src/Data/Functor/Bind.hs:376:3: Warning:
    Local definition of ‘join’ clashes with a future Prelude name - this will become an error in GHC 7.10, under the Applicative-Monad Proposal.
[ 4 of 20] Compiling Data.Functor.Bind.Trans ( src/Data/Functor/Bind/Trans.hs, dist/dist-sandbox-7aa810c9/build/Data/Functor/Bind/Trans.o )
[ 5 of 20] Compiling Data.Semigroupoid ( src/Data/Semigroupoid.hs, dist/dist-sandbox-7aa810c9/build/Data/Semigroupoid.o )
[ 6 of 20] Compiling Data.Semigroupoid.Dual ( src/Data/Semigroupoid/Dual.hs, dist/dist-sandbox-7aa810c9/build/Data/Semigroupoid/Dual.o )
[ 7 of 20] Compiling Data.Groupoid    ( src/Data/Groupoid.hs, dist/dist-sandbox-7aa810c9/build/Data/Groupoid.o )
[ 8 of 20] Compiling Data.Isomorphism ( src/Data/Isomorphism.hs, dist/dist-sandbox-7aa810c9/build/Data/Isomorphism.o )
[ 9 of 20] Compiling Data.Semigroupoid.Product ( src/Data/Semigroupoid/Product.hs, dist/dist-sandbox-7aa810c9/build/Data/Semigroupoid/Product.o )
[10 of 20] Compiling Data.Semigroupoid.Coproduct ( src/Data/Semigroupoid/Coproduct.hs, dist/dist-sandbox-7aa810c9/build/Data/Semigroupoid/Coproduct.o )
[11 of 20] Compiling Data.Semigroupoid.Ob ( src/Data/Semigroupoid/Ob.hs, dist/dist-sandbox-7aa810c9/build/Data/Semigroupoid/Ob.o )
[12 of 20] Compiling Data.Functor.Apply ( src/Data/Functor/Apply.hs, dist/dist-sandbox-7aa810c9/build/Data/Functor/Apply.o )
[13 of 20] Compiling Data.Semigroup.Foldable ( src/Data/Semigroup/Foldable.hs, dist/dist-sandbox-7aa810c9/build/Data/Semigroup/Foldable.o )
[14 of 20] Compiling Data.Semigroup.Traversable ( src/Data/Semigroup/Traversable.hs, dist/dist-sandbox-7aa810c9/build/Data/Semigroup/Traversable.o )
[15 of 20] Compiling Data.Semifunctor ( src/Data/Semifunctor.hs, dist/dist-sandbox-7aa810c9/build/Data/Semifunctor.o )
[16 of 20] Compiling Data.Semifunctor.Associative ( src/Data/Semifunctor/Associative.hs, dist/dist-sandbox-7aa810c9/build/Data/Semifunctor/Associative.o )
[17 of 20] Compiling Data.Semifunctor.Braided ( src/Data/Semifunctor/Braided.hs, dist/dist-sandbox-7aa810c9/build/Data/Semifunctor/Braided.o )
[18 of 20] Compiling Data.Functor.Alt ( src/Data/Functor/Alt.hs, dist/dist-sandbox-7aa810c9/build/Data/Functor/Alt.o )
[19 of 20] Compiling Data.Functor.Plus ( src/Data/Functor/Plus.hs, dist/dist-sandbox-7aa810c9/build/Data/Functor/Plus.o )
[20 of 20] Compiling Data.Semigroupoid.Static ( src/Data/Semigroupoid/Static.hs, dist/dist-sandbox-7aa810c9/build/Data/Semigroupoid/Static.o )
[ 1 of 20] Compiling Data.Traversable.Instances ( src/Data/Traversable/Instances.hs, dist/dist-sandbox-7aa810c9/build/Data/Traversable/Instances.p_o )
[ 2 of 20] Compiling Data.Functor.Extend ( src/Data/Functor/Extend.hs, dist/dist-sandbox-7aa810c9/build/Data/Functor/Extend.p_o )
[ 3 of 20] Compiling Data.Functor.Bind ( src/Data/Functor/Bind.hs, dist/dist-sandbox-7aa810c9/build/Data/Functor/Bind.p_o )

src/Data/Functor/Bind.hs:376:3: Warning:
    Local definition of ‘join’ clashes with a future Prelude name - this will become an error in GHC 7.10, under the Applicative-Monad Proposal.
[ 4 of 20] Compiling Data.Functor.Bind.Trans ( src/Data/Functor/Bind/Trans.hs, dist/dist-sandbox-7aa810c9/build/Data/Functor/Bind/Trans.p_o )
[ 5 of 20] Compiling Data.Semigroupoid ( src/Data/Semigroupoid.hs, dist/dist-sandbox-7aa810c9/build/Data/Semigroupoid.p_o )
[ 6 of 20] Compiling Data.Semigroupoid.Dual ( src/Data/Semigroupoid/Dual.hs, dist/dist-sandbox-7aa810c9/build/Data/Semigroupoid/Dual.p_o )
[ 7 of 20] Compiling Data.Groupoid    ( src/Data/Groupoid.hs, dist/dist-sandbox-7aa810c9/build/Data/Groupoid.p_o )
[ 8 of 20] Compiling Data.Isomorphism ( src/Data/Isomorphism.hs, dist/dist-sandbox-7aa810c9/build/Data/Isomorphism.p_o )
[ 9 of 20] Compiling Data.Semigroupoid.Product ( src/Data/Semigroupoid/Product.hs, dist/dist-sandbox-7aa810c9/build/Data/Semigroupoid/Product.p_o )
[10 of 20] Compiling Data.Semigroupoid.Coproduct ( src/Data/Semigroupoid/Coproduct.hs, dist/dist-sandbox-7aa810c9/build/Data/Semigroupoid/Coproduct.p_o )
[11 of 20] Compiling Data.Semigroupoid.Ob ( src/Data/Semigroupoid/Ob.hs, dist/dist-sandbox-7aa810c9/build/Data/Semigroupoid/Ob.p_o )
[12 of 20] Compiling Data.Functor.Apply ( src/Data/Functor/Apply.hs, dist/dist-sandbox-7aa810c9/build/Data/Functor/Apply.p_o )
[13 of 20] Compiling Data.Semigroup.Foldable ( src/Data/Semigroup/Foldable.hs, dist/dist-sandbox-7aa810c9/build/Data/Semigroup/Foldable.p_o )
[14 of 20] Compiling Data.Semigroup.Traversable ( src/Data/Semigroup/Traversable.hs, dist/dist-sandbox-7aa810c9/build/Data/Semigroup/Traversable.p_o )
[15 of 20] Compiling Data.Semifunctor ( src/Data/Semifunctor.hs, dist/dist-sandbox-7aa810c9/build/Data/Semifunctor.p_o )
[16 of 20] Compiling Data.Semifunctor.Associative ( src/Data/Semifunctor/Associative.hs, dist/dist-sandbox-7aa810c9/build/Data/Semifunctor/Associative.p_o )
[17 of 20] Compiling Data.Semifunctor.Braided ( src/Data/Semifunctor/Braided.hs, dist/dist-sandbox-7aa810c9/build/Data/Semifunctor/Braided.p_o )
[18 of 20] Compiling Data.Functor.Alt ( src/Data/Functor/Alt.hs, dist/dist-sandbox-7aa810c9/build/Data/Functor/Alt.p_o )
[19 of 20] Compiling Data.Functor.Plus ( src/Data/Functor/Plus.hs, dist/dist-sandbox-7aa810c9/build/Data/Functor/Plus.p_o )
[20 of 20] Compiling Data.Semigroupoid.Static ( src/Data/Semigroupoid/Static.hs, dist/dist-sandbox-7aa810c9/build/Data/Semigroupoid/Static.p_o )
In-place registering semigroupoids-4.2...
Running Haddock for semigroupoids-4.2...
Preprocessing library semigroupoids-4.2...

src/Data/Functor/Bind.hs:376:3: Warning:
    Local definition of ‘join’ clashes with a future Prelude name - this will become an error in GHC 7.10, under the Applicative-Monad Proposal.
Haddock coverage:
 100% (  1 /  1) in 'Data.Traversable.Instances'
  75% (  3 /  4) in 'Data.Functor.Extend'
  75% ( 15 / 20) in 'Data.Functor.Bind'
 100% (  2 /  2) in 'Data.Functor.Bind.Trans'
  50% (  2 /  4) in 'Data.Semigroupoid'
  50% (  1 /  2) in 'Data.Semigroupoid.Dual'
  50% (  1 /  2) in 'Data.Groupoid'
   0% (  0 /  2) in 'Data.Isomorphism'
   0% (  0 /  4) in 'Data.Semigroupoid.Product'
   0% (  0 /  6) in 'Data.Semigroupoid.Coproduct'
  12% (  1 /  8) in 'Data.Semigroupoid.Ob'
 100% ( 13 / 13) in 'Data.Functor.Apply'
  33% (  2 /  6) in 'Data.Semigroup.Foldable'
  33% (  1 /  3) in 'Data.Semigroup.Traversable'
  40% (  6 / 15) in 'Data.Semifunctor'
   6% (  1 / 17) in 'Data.Semifunctor.Associative'
  17% (  1 /  6) in 'Data.Semifunctor.Braided'
 100% (  3 /  3) in 'Data.Functor.Alt'
 100% (  3 /  3) in 'Data.Functor.Plus'
   0% (  0 /  2) in 'Data.Semigroupoid.Static'
Warning: Data.Functor.Bind: could not find link destinations for:
    Data.Traversable.Id Data.Sequence.Digit Data.Sequence.Node Data.Sequence.Elem Data.Sequence.Id Data.Sequence.FingerTree Data.Traversable.StateL Data.Traversable.StateR Data.Sequence.State
Warning: Data.Functor.Apply: could not find link destinations for:
    Data.Traversable.Id Data.Sequence.Digit Data.Sequence.Node Data.Sequence.Elem Data.Sequence.Id Data.Sequence.FingerTree Data.Traversable.StateL Data.Traversable.StateR Data.Sequence.State
Documentation created:
dist/dist-sandbox-7aa810c9/doc/html/semigroupoids/index.html
Creating package registration file:
/var/folders/s5/6vvs4vcd4xq3r6j9pzq2hc7r0000gp/T/pkgConf-semigroupoids-410823.2
Installing library in
/Users/mathiashorrigan/Documents/edx/FP101x_introFunctionalProgramming/ghcmod/.cabal-sandbox/lib/x86_64-osx-ghc-7.8.3/semigroupoids-4.2
Registering semigroupoids-4.2...
