Configuring semigroups-0.15.3...
Building semigroups-0.15.3...
Preprocessing library semigroups-0.15.3...
[1 of 2] Compiling Data.List.NonEmpty ( src/Data/List/NonEmpty.hs, dist/dist-sandbox-7aa810c9/build/Data/List/NonEmpty.o )
[2 of 2] Compiling Data.Semigroup   ( src/Data/Semigroup.hs, dist/dist-sandbox-7aa810c9/build/Data/Semigroup.o )
[1 of 2] Compiling Data.List.NonEmpty ( src/Data/List/NonEmpty.hs, dist/dist-sandbox-7aa810c9/build/Data/List/NonEmpty.p_o )
[2 of 2] Compiling Data.Semigroup   ( src/Data/Semigroup.hs, dist/dist-sandbox-7aa810c9/build/Data/Semigroup.p_o )
In-place registering semigroups-0.15.3...
Running Haddock for semigroups-0.15.3...
Preprocessing library semigroups-0.15.3...
Haddock coverage:
  94% ( 65 / 69) in 'Data.List.NonEmpty'
  87% ( 20 / 23) in 'Data.Semigroup'
Warning: Data.Semigroup: could not find link destinations for:
    Data.Monoid.D1Dual Data.Monoid.C1_0Dual Data.Monoid.S1_0_0Dual Data.Monoid.D1Endo Data.Monoid.C1_0Endo Data.Monoid.S1_0_0Endo Data.Monoid.D1All Data.Monoid.C1_0All Data.Monoid.S1_0_0All Data.Monoid.D1Any Data.Monoid.C1_0Any Data.Monoid.S1_0_0Any Data.Monoid.D1Sum Data.Monoid.C1_0Sum Data.Monoid.S1_0_0Sum Data.Monoid.D1Product Data.Monoid.C1_0Product Data.Monoid.S1_0_0Product
Documentation created:
dist/dist-sandbox-7aa810c9/doc/html/semigroups/index.html
Creating package registration file:
/var/folders/s5/6vvs4vcd4xq3r6j9pzq2hc7r0000gp/T/pkgConf-semigroups-0.1510823.3
Installing library in
/Users/mathiashorrigan/Documents/edx/FP101x_introFunctionalProgramming/ghcmod/.cabal-sandbox/lib/x86_64-osx-ghc-7.8.3/semigroups-0.15.3
Registering semigroups-0.15.3...
