Configuring text-1.2.0.0...
Building text-1.2.0.0...
Preprocessing library text-1.2.0.0...
[ 1 of 43] Compiling Data.Text.Internal.Read ( Data/Text/Internal/Read.hs, dist/dist-sandbox-7aa810c9/build/Data/Text/Internal/Read.o )
[ 2 of 43] Compiling Data.Text.Internal.Encoding.Utf32 ( Data/Text/Internal/Encoding/Utf32.hs, dist/dist-sandbox-7aa810c9/build/Data/Text/Internal/Encoding/Utf32.o )
[ 3 of 43] Compiling Data.Text.Internal.Builder.RealFloat.Functions ( Data/Text/Internal/Builder/RealFloat/Functions.hs, dist/dist-sandbox-7aa810c9/build/Data/Text/Internal/Builder/RealFloat/Functions.o )
[ 4 of 43] Compiling Data.Text.Internal.Builder.Int.Digits ( Data/Text/Internal/Builder/Int/Digits.hs, dist/dist-sandbox-7aa810c9/build/Data/Text/Internal/Builder/Int/Digits.o )
[ 5 of 43] Compiling Data.Text.Encoding.Error ( Data/Text/Encoding/Error.hs, dist/dist-sandbox-7aa810c9/build/Data/Text/Encoding/Error.o )
[ 6 of 43] Compiling Data.Text.Internal.Unsafe.Shift ( Data/Text/Internal/Unsafe/Shift.hs, dist/dist-sandbox-7aa810c9/build/Data/Text/Internal/Unsafe/Shift.o )
[ 7 of 43] Compiling Data.Text.Internal.Encoding.Utf16 ( Data/Text/Internal/Encoding/Utf16.hs, dist/dist-sandbox-7aa810c9/build/Data/Text/Internal/Encoding/Utf16.o )
[ 8 of 43] Compiling Data.Text.Internal.Functions ( Data/Text/Internal/Functions.hs, dist/dist-sandbox-7aa810c9/build/Data/Text/Internal/Functions.o )
[ 9 of 43] Compiling Data.Text.Internal.Unsafe ( Data/Text/Internal/Unsafe.hs, dist/dist-sandbox-7aa810c9/build/Data/Text/Internal/Unsafe.o )
[10 of 43] Compiling Data.Text.Array  ( Data/Text/Array.hs, dist/dist-sandbox-7aa810c9/build/Data/Text/Array.o )
[11 of 43] Compiling Data.Text.Internal.Unsafe.Char ( Data/Text/Internal/Unsafe/Char.hs, dist/dist-sandbox-7aa810c9/build/Data/Text/Internal/Unsafe/Char.o )
[12 of 43] Compiling Data.Text.Internal ( Data/Text/Internal.hs, dist/dist-sandbox-7aa810c9/build/Data/Text/Internal.o )
[13 of 43] Compiling Data.Text.Internal.Fusion.Size ( Data/Text/Internal/Fusion/Size.hs, dist/dist-sandbox-7aa810c9/build/Data/Text/Internal/Fusion/Size.o )
[14 of 43] Compiling Data.Text.Internal.Fusion.Types ( Data/Text/Internal/Fusion/Types.hs, dist/dist-sandbox-7aa810c9/build/Data/Text/Internal/Fusion/Types.o )
[15 of 43] Compiling Data.Text.Internal.Fusion.CaseMapping ( Data/Text/Internal/Fusion/CaseMapping.hs, dist/dist-sandbox-7aa810c9/build/Data/Text/Internal/Fusion/CaseMapping.o )
[16 of 43] Compiling Data.Text.Internal.Fusion.Common ( Data/Text/Internal/Fusion/Common.hs, dist/dist-sandbox-7aa810c9/build/Data/Text/Internal/Fusion/Common.o )
[17 of 43] Compiling Data.Text.Unsafe ( Data/Text/Unsafe.hs, dist/dist-sandbox-7aa810c9/build/Data/Text/Unsafe.o )
[18 of 43] Compiling Data.Text.Internal.Private ( Data/Text/Internal/Private.hs, dist/dist-sandbox-7aa810c9/build/Data/Text/Internal/Private.o )
[19 of 43] Compiling Data.Text.Internal.Fusion ( Data/Text/Internal/Fusion.hs, dist/dist-sandbox-7aa810c9/build/Data/Text/Internal/Fusion.o )
[20 of 43] Compiling Data.Text.Internal.Encoding.Fusion.Common ( Data/Text/Internal/Encoding/Fusion/Common.hs, dist/dist-sandbox-7aa810c9/build/Data/Text/Internal/Encoding/Fusion/Common.o )
[21 of 43] Compiling Data.Text.Internal.Encoding.Utf8 ( Data/Text/Internal/Encoding/Utf8.hs, dist/dist-sandbox-7aa810c9/build/Data/Text/Internal/Encoding/Utf8.o )
[22 of 43] Compiling Data.Text.Internal.Encoding.Fusion ( Data/Text/Internal/Encoding/Fusion.hs, dist/dist-sandbox-7aa810c9/build/Data/Text/Internal/Encoding/Fusion.o )
[23 of 43] Compiling Data.Text.Internal.Lazy.Encoding.Fusion ( Data/Text/Internal/Lazy/Encoding/Fusion.hs, dist/dist-sandbox-7aa810c9/build/Data/Text/Internal/Lazy/Encoding/Fusion.o )
[24 of 43] Compiling Data.Text.Internal.Search ( Data/Text/Internal/Search.hs, dist/dist-sandbox-7aa810c9/build/Data/Text/Internal/Search.o )
[25 of 43] Compiling Data.Text        ( Data/Text.hs, dist/dist-sandbox-7aa810c9/build/Data/Text.o )
[26 of 43] Compiling Data.Text.Encoding ( Data/Text/Encoding.hs, dist/dist-sandbox-7aa810c9/build/Data/Text/Encoding.o )
[27 of 43] Compiling Data.Text.Foreign ( Data/Text/Foreign.hs, dist/dist-sandbox-7aa810c9/build/Data/Text/Foreign.o )
[28 of 43] Compiling Data.Text.Internal.IO ( Data/Text/Internal/IO.hs, dist/dist-sandbox-7aa810c9/build/Data/Text/Internal/IO.o )
[29 of 43] Compiling Data.Text.IO     ( Data/Text/IO.hs, dist/dist-sandbox-7aa810c9/build/Data/Text/IO.o )
[30 of 43] Compiling Data.Text.Internal.Lazy ( Data/Text/Internal/Lazy.hs, dist/dist-sandbox-7aa810c9/build/Data/Text/Internal/Lazy.o )
[31 of 43] Compiling Data.Text.Internal.Lazy.Fusion ( Data/Text/Internal/Lazy/Fusion.hs, dist/dist-sandbox-7aa810c9/build/Data/Text/Internal/Lazy/Fusion.o )
[32 of 43] Compiling Data.Text.Internal.Lazy.Search ( Data/Text/Internal/Lazy/Search.hs, dist/dist-sandbox-7aa810c9/build/Data/Text/Internal/Lazy/Search.o )
[33 of 43] Compiling Data.Text.Lazy.Internal ( Data/Text/Lazy/Internal.hs, dist/dist-sandbox-7aa810c9/build/Data/Text/Lazy/Internal.o )
[34 of 43] Compiling Data.Text.Lazy   ( Data/Text/Lazy.hs, dist/dist-sandbox-7aa810c9/build/Data/Text/Lazy.o )
[35 of 43] Compiling Data.Text.Internal.Builder ( Data/Text/Internal/Builder.hs, dist/dist-sandbox-7aa810c9/build/Data/Text/Internal/Builder.o )
[36 of 43] Compiling Data.Text.Lazy.Builder ( Data/Text/Lazy/Builder.hs, dist/dist-sandbox-7aa810c9/build/Data/Text/Lazy/Builder.o )
[37 of 43] Compiling Data.Text.Internal.Builder.Functions ( Data/Text/Internal/Builder/Functions.hs, dist/dist-sandbox-7aa810c9/build/Data/Text/Internal/Builder/Functions.o )
[38 of 43] Compiling Data.Text.Lazy.Builder.Int ( Data/Text/Lazy/Builder/Int.hs, dist/dist-sandbox-7aa810c9/build/Data/Text/Lazy/Builder/Int.o )
[39 of 43] Compiling Data.Text.Lazy.IO ( Data/Text/Lazy/IO.hs, dist/dist-sandbox-7aa810c9/build/Data/Text/Lazy/IO.o )
[40 of 43] Compiling Data.Text.Lazy.Read ( Data/Text/Lazy/Read.hs, dist/dist-sandbox-7aa810c9/build/Data/Text/Lazy/Read.o )
[41 of 43] Compiling Data.Text.Lazy.Builder.RealFloat ( Data/Text/Lazy/Builder/RealFloat.hs, dist/dist-sandbox-7aa810c9/build/Data/Text/Lazy/Builder/RealFloat.o )
[42 of 43] Compiling Data.Text.Lazy.Encoding ( Data/Text/Lazy/Encoding.hs, dist/dist-sandbox-7aa810c9/build/Data/Text/Lazy/Encoding.o )
[43 of 43] Compiling Data.Text.Read   ( Data/Text/Read.hs, dist/dist-sandbox-7aa810c9/build/Data/Text/Read.o )
[ 1 of 43] Compiling Data.Text.Internal.Read ( Data/Text/Internal/Read.hs, dist/dist-sandbox-7aa810c9/build/Data/Text/Internal/Read.p_o )
[ 2 of 43] Compiling Data.Text.Internal.Encoding.Utf32 ( Data/Text/Internal/Encoding/Utf32.hs, dist/dist-sandbox-7aa810c9/build/Data/Text/Internal/Encoding/Utf32.p_o )
[ 3 of 43] Compiling Data.Text.Internal.Builder.RealFloat.Functions ( Data/Text/Internal/Builder/RealFloat/Functions.hs, dist/dist-sandbox-7aa810c9/build/Data/Text/Internal/Builder/RealFloat/Functions.p_o )
[ 4 of 43] Compiling Data.Text.Internal.Builder.Int.Digits ( Data/Text/Internal/Builder/Int/Digits.hs, dist/dist-sandbox-7aa810c9/build/Data/Text/Internal/Builder/Int/Digits.p_o )
[ 5 of 43] Compiling Data.Text.Encoding.Error ( Data/Text/Encoding/Error.hs, dist/dist-sandbox-7aa810c9/build/Data/Text/Encoding/Error.p_o )
[ 6 of 43] Compiling Data.Text.Internal.Unsafe.Shift ( Data/Text/Internal/Unsafe/Shift.hs, dist/dist-sandbox-7aa810c9/build/Data/Text/Internal/Unsafe/Shift.p_o )
[ 7 of 43] Compiling Data.Text.Internal.Encoding.Utf16 ( Data/Text/Internal/Encoding/Utf16.hs, dist/dist-sandbox-7aa810c9/build/Data/Text/Internal/Encoding/Utf16.p_o )
[ 8 of 43] Compiling Data.Text.Internal.Functions ( Data/Text/Internal/Functions.hs, dist/dist-sandbox-7aa810c9/build/Data/Text/Internal/Functions.p_o )
[ 9 of 43] Compiling Data.Text.Internal.Unsafe ( Data/Text/Internal/Unsafe.hs, dist/dist-sandbox-7aa810c9/build/Data/Text/Internal/Unsafe.p_o )
[10 of 43] Compiling Data.Text.Array  ( Data/Text/Array.hs, dist/dist-sandbox-7aa810c9/build/Data/Text/Array.p_o )
[11 of 43] Compiling Data.Text.Internal.Unsafe.Char ( Data/Text/Internal/Unsafe/Char.hs, dist/dist-sandbox-7aa810c9/build/Data/Text/Internal/Unsafe/Char.p_o )
[12 of 43] Compiling Data.Text.Internal ( Data/Text/Internal.hs, dist/dist-sandbox-7aa810c9/build/Data/Text/Internal.p_o )
[13 of 43] Compiling Data.Text.Internal.Fusion.Size ( Data/Text/Internal/Fusion/Size.hs, dist/dist-sandbox-7aa810c9/build/Data/Text/Internal/Fusion/Size.p_o )
[14 of 43] Compiling Data.Text.Internal.Fusion.Types ( Data/Text/Internal/Fusion/Types.hs, dist/dist-sandbox-7aa810c9/build/Data/Text/Internal/Fusion/Types.p_o )
[15 of 43] Compiling Data.Text.Internal.Fusion.CaseMapping ( Data/Text/Internal/Fusion/CaseMapping.hs, dist/dist-sandbox-7aa810c9/build/Data/Text/Internal/Fusion/CaseMapping.p_o )
[16 of 43] Compiling Data.Text.Internal.Fusion.Common ( Data/Text/Internal/Fusion/Common.hs, dist/dist-sandbox-7aa810c9/build/Data/Text/Internal/Fusion/Common.p_o )
[17 of 43] Compiling Data.Text.Unsafe ( Data/Text/Unsafe.hs, dist/dist-sandbox-7aa810c9/build/Data/Text/Unsafe.p_o )
[18 of 43] Compiling Data.Text.Internal.Private ( Data/Text/Internal/Private.hs, dist/dist-sandbox-7aa810c9/build/Data/Text/Internal/Private.p_o )
[19 of 43] Compiling Data.Text.Internal.Fusion ( Data/Text/Internal/Fusion.hs, dist/dist-sandbox-7aa810c9/build/Data/Text/Internal/Fusion.p_o )
[20 of 43] Compiling Data.Text.Internal.Encoding.Fusion.Common ( Data/Text/Internal/Encoding/Fusion/Common.hs, dist/dist-sandbox-7aa810c9/build/Data/Text/Internal/Encoding/Fusion/Common.p_o )
[21 of 43] Compiling Data.Text.Internal.Encoding.Utf8 ( Data/Text/Internal/Encoding/Utf8.hs, dist/dist-sandbox-7aa810c9/build/Data/Text/Internal/Encoding/Utf8.p_o )
[22 of 43] Compiling Data.Text.Internal.Encoding.Fusion ( Data/Text/Internal/Encoding/Fusion.hs, dist/dist-sandbox-7aa810c9/build/Data/Text/Internal/Encoding/Fusion.p_o )
[23 of 43] Compiling Data.Text.Internal.Lazy.Encoding.Fusion ( Data/Text/Internal/Lazy/Encoding/Fusion.hs, dist/dist-sandbox-7aa810c9/build/Data/Text/Internal/Lazy/Encoding/Fusion.p_o )
[24 of 43] Compiling Data.Text.Internal.Search ( Data/Text/Internal/Search.hs, dist/dist-sandbox-7aa810c9/build/Data/Text/Internal/Search.p_o )
[25 of 43] Compiling Data.Text        ( Data/Text.hs, dist/dist-sandbox-7aa810c9/build/Data/Text.p_o )
[26 of 43] Compiling Data.Text.Encoding ( Data/Text/Encoding.hs, dist/dist-sandbox-7aa810c9/build/Data/Text/Encoding.p_o )
[27 of 43] Compiling Data.Text.Foreign ( Data/Text/Foreign.hs, dist/dist-sandbox-7aa810c9/build/Data/Text/Foreign.p_o )
[28 of 43] Compiling Data.Text.Internal.IO ( Data/Text/Internal/IO.hs, dist/dist-sandbox-7aa810c9/build/Data/Text/Internal/IO.p_o )
[29 of 43] Compiling Data.Text.IO     ( Data/Text/IO.hs, dist/dist-sandbox-7aa810c9/build/Data/Text/IO.p_o )
[30 of 43] Compiling Data.Text.Internal.Lazy ( Data/Text/Internal/Lazy.hs, dist/dist-sandbox-7aa810c9/build/Data/Text/Internal/Lazy.p_o )
[31 of 43] Compiling Data.Text.Internal.Lazy.Fusion ( Data/Text/Internal/Lazy/Fusion.hs, dist/dist-sandbox-7aa810c9/build/Data/Text/Internal/Lazy/Fusion.p_o )
[32 of 43] Compiling Data.Text.Internal.Lazy.Search ( Data/Text/Internal/Lazy/Search.hs, dist/dist-sandbox-7aa810c9/build/Data/Text/Internal/Lazy/Search.p_o )
[33 of 43] Compiling Data.Text.Lazy.Internal ( Data/Text/Lazy/Internal.hs, dist/dist-sandbox-7aa810c9/build/Data/Text/Lazy/Internal.p_o )
[34 of 43] Compiling Data.Text.Lazy   ( Data/Text/Lazy.hs, dist/dist-sandbox-7aa810c9/build/Data/Text/Lazy.p_o )
[35 of 43] Compiling Data.Text.Internal.Builder ( Data/Text/Internal/Builder.hs, dist/dist-sandbox-7aa810c9/build/Data/Text/Internal/Builder.p_o )
[36 of 43] Compiling Data.Text.Lazy.Builder ( Data/Text/Lazy/Builder.hs, dist/dist-sandbox-7aa810c9/build/Data/Text/Lazy/Builder.p_o )
[37 of 43] Compiling Data.Text.Internal.Builder.Functions ( Data/Text/Internal/Builder/Functions.hs, dist/dist-sandbox-7aa810c9/build/Data/Text/Internal/Builder/Functions.p_o )
[38 of 43] Compiling Data.Text.Lazy.Builder.Int ( Data/Text/Lazy/Builder/Int.hs, dist/dist-sandbox-7aa810c9/build/Data/Text/Lazy/Builder/Int.p_o )
[39 of 43] Compiling Data.Text.Lazy.IO ( Data/Text/Lazy/IO.hs, dist/dist-sandbox-7aa810c9/build/Data/Text/Lazy/IO.p_o )
[40 of 43] Compiling Data.Text.Lazy.Read ( Data/Text/Lazy/Read.hs, dist/dist-sandbox-7aa810c9/build/Data/Text/Lazy/Read.p_o )
[41 of 43] Compiling Data.Text.Lazy.Builder.RealFloat ( Data/Text/Lazy/Builder/RealFloat.hs, dist/dist-sandbox-7aa810c9/build/Data/Text/Lazy/Builder/RealFloat.p_o )
[42 of 43] Compiling Data.Text.Lazy.Encoding ( Data/Text/Lazy/Encoding.hs, dist/dist-sandbox-7aa810c9/build/Data/Text/Lazy/Encoding.p_o )
[43 of 43] Compiling Data.Text.Read   ( Data/Text/Read.hs, dist/dist-sandbox-7aa810c9/build/Data/Text/Read.p_o )
In-place registering text-1.2.0.0...
Running Haddock for text-1.2.0.0...
Preprocessing library text-1.2.0.0...
Haddock coverage:
  14% (  1 /  7) in 'Data.Text.Internal.Read'
  50% (  1 /  2) in 'Data.Text.Internal.Encoding.Utf32'
  50% (  1 /  2) in 'Data.Text.Internal.Builder.RealFloat.Functions'
   0% (  0 /  2) in 'Data.Text.Internal.Builder.Int.Digits'
 100% ( 12 / 12) in 'Data.Text.Encoding.Error'
 100% (  2 /  2) in 'Data.Text.Internal.Unsafe.Shift'
  25% (  1 /  4) in 'Data.Text.Internal.Encoding.Utf16'
 100% (  2 /  2) in 'Data.Text.Internal.Functions'
 100% (  3 /  3) in 'Data.Text.Internal.Unsafe'
 100% ( 16 / 16) in 'Data.Text.Array'
  33% (  2 /  6) in 'Data.Text.Internal.Unsafe.Char'
  95% ( 19 / 20) in 'Data.Text.Internal'
  38% (  5 / 13) in 'Data.Text.Internal.Fusion.Size'
  50% (  5 / 10) in 'Data.Text.Internal.Fusion.Types'
   0% (  0 /  5) in 'Data.Text.Internal.Fusion.CaseMapping'
  89% ( 64 / 72) in 'Data.Text.Internal.Fusion.Common'
  93% ( 13 / 14) in 'Data.Text.Unsafe'
  33% (  1 /  3) in 'Data.Text.Internal.Private'
  86% ( 19 / 22) in 'Data.Text.Internal.Fusion'
  33% (  2 /  6) in 'Data.Text.Internal.Encoding.Fusion.Common'
  17% (  2 / 12) in 'Data.Text.Internal.Encoding.Utf8'
  91% ( 10 / 11) in 'Data.Text.Internal.Encoding.Fusion'
 100% ( 10 / 10) in 'Data.Text.Internal.Lazy.Encoding.Fusion'
 100% (  2 /  2) in 'Data.Text.Internal.Search'
 100% (125 /125) in 'Data.Text'
 100% ( 33 / 33) in 'Data.Text.Encoding'
 100% ( 18 / 18) in 'Data.Text.Foreign'
 100% (  3 /  3) in 'Data.Text.Internal.IO'
 100% ( 20 / 20) in 'Data.Text.IO'
  93% ( 14 / 15) in 'Data.Text.Internal.Lazy'
 100% (  8 /  8) in 'Data.Text.Internal.Lazy.Fusion'
 100% (  2 /  2) in 'Data.Text.Internal.Lazy.Search'
 100% (  2 /  2) in 'Data.Text.Lazy.Internal'
  99% (124 /125) in 'Data.Text.Lazy'
  94% ( 16 / 17) in 'Data.Text.Internal.Builder'
 100% ( 12 / 12) in 'Data.Text.Lazy.Builder'
 100% (  3 /  3) in 'Data.Text.Internal.Builder.Functions'
   0% (  0 /  3) in 'Data.Text.Lazy.Builder.Int'
 100% ( 19 / 19) in 'Data.Text.Lazy.IO'
 100% (  7 /  7) in 'Data.Text.Lazy.Read'
  75% (  3 /  4) in 'Data.Text.Lazy.Builder.RealFloat'
  89% ( 24 / 27) in 'Data.Text.Lazy.Encoding'
 100% (  7 /  7) in 'Data.Text.Read'
Warning: Data.Text.Internal.Fusion.Common: could not find link destinations for:
    Data.Text.Internal.Fusion.Common.findIndicesI
Warning: Data.Text.Unsafe: could not find link destinations for:
    GHC.IO.bracket
Warning: Data.Text: could not find link destinations for:
    Data.Text.replicateChar Data.Text.countChar
Warning: Data.Text.Internal.IO: could not find link destinations for:
    GHC.IO.Handle.Types.Handle__
Warning: Data.Text.Lazy: could not find link destinations for:
    Data.Text.Lazy.replicateChar Data.Text.Lazy.dropWords Data.Text.Lazy.splitAtWord Data.Text.Lazy.countChar
Warning: Data.Text.Internal.Builder: could not find link destinations for:
    Data.Text.Internal.Builder.empty Data.Text.Internal.Builder.append
Warning: Data.Text.Lazy.Builder.RealFloat: could not find link destinations for:
    Data.Text.Lazy.Builder.RealFloat.floatToDigits
Documentation created: dist/dist-sandbox-7aa810c9/doc/html/text/index.html
Creating package registration file:
/var/folders/s5/6vvs4vcd4xq3r6j9pzq2hc7r0000gp/T/pkgConf-text-1.2.010823.0
Installing library in
/Users/mathiashorrigan/Documents/edx/FP101x_introFunctionalProgramming/ghcmod/.cabal-sandbox/lib/x86_64-osx-ghc-7.8.3/text-1.2.0.0
Registering text-1.2.0.0...
