Configuring uniplate-1.6.12...
Building uniplate-1.6.12...
Preprocessing library uniplate-1.6.12...
[ 1 of 21] Compiling Data.Generics.Uniplate.Data.Instances ( Data/Generics/Uniplate/Data/Instances.hs, dist/dist-sandbox-7aa810c9/build/Data/Generics/Uniplate/Data/Instances.o )
[ 2 of 21] Compiling Data.Generics.Uniplate.Internal.Utils ( Data/Generics/Uniplate/Internal/Utils.hs, dist/dist-sandbox-7aa810c9/build/Data/Generics/Uniplate/Internal/Utils.o )
Loading package ghc-prim ... linking ... done.
Loading package integer-gmp ... linking ... done.
Loading package base ... linking ... done.
Loading package array-0.5.0.0 ... linking ... done.
Loading package deepseq-1.3.0.2 ... linking ... done.
Loading package bytestring-0.10.4.0 ... linking ... done.
Loading package text-1.2.0.0 ... linking ... done.
Loading package hashable-1.2.2.0 ... linking ... done.
Loading package unordered-containers-0.2.5.1 ... linking ... done.
Loading package syb-0.4.2 ... linking ... done.
Loading package containers-0.5.5.1 ... linking ... done.
[ 3 of 21] Compiling Data.Generics.Uniplate ( Data/Generics/Uniplate.hs, dist/dist-sandbox-7aa810c9/build/Data/Generics/Uniplate.o )
[ 4 of 21] Compiling Data.Generics.UniplateOn ( Data/Generics/UniplateOn.hs, dist/dist-sandbox-7aa810c9/build/Data/Generics/UniplateOn.o )
[ 5 of 21] Compiling Data.Generics.Str ( Data/Generics/Str.hs, dist/dist-sandbox-7aa810c9/build/Data/Generics/Str.o )
[ 6 of 21] Compiling Data.Generics.Uniplate.Operations ( Data/Generics/Uniplate/Operations.hs, dist/dist-sandbox-7aa810c9/build/Data/Generics/Uniplate/Operations.o )
[ 7 of 21] Compiling Data.Generics.Compos ( Data/Generics/Compos.hs, dist/dist-sandbox-7aa810c9/build/Data/Generics/Compos.o )
[ 8 of 21] Compiling Data.Generics.SYB ( Data/Generics/SYB.hs, dist/dist-sandbox-7aa810c9/build/Data/Generics/SYB.o )
[ 9 of 21] Compiling Data.Generics.Uniplate.Internal.Data ( Data/Generics/Uniplate/Internal/Data.hs, dist/dist-sandbox-7aa810c9/build/Data/Generics/Uniplate/Internal/Data.o )
[10 of 21] Compiling Data.Generics.Uniplate.Data ( Data/Generics/Uniplate/Data.hs, dist/dist-sandbox-7aa810c9/build/Data/Generics/Uniplate/Data.o )
[11 of 21] Compiling Data.Generics.Uniplate.Internal.DataOnlyOperations ( Data/Generics/Uniplate/Internal/DataOnlyOperations.hs, dist/dist-sandbox-7aa810c9/build/Data/Generics/Uniplate/Internal/DataOnlyOperations.o )
[12 of 21] Compiling Data.Generics.Uniplate.DataOnly ( Data/Generics/Uniplate/DataOnly.hs, dist/dist-sandbox-7aa810c9/build/Data/Generics/Uniplate/DataOnly.o )
[13 of 21] Compiling Data.Generics.Uniplate.Direct ( Data/Generics/Uniplate/Direct.hs, dist/dist-sandbox-7aa810c9/build/Data/Generics/Uniplate/Direct.o )
[14 of 21] Compiling Data.Generics.Uniplate.Typeable ( Data/Generics/Uniplate/Typeable.hs, dist/dist-sandbox-7aa810c9/build/Data/Generics/Uniplate/Typeable.o )
[15 of 21] Compiling Data.Generics.Uniplate.Zipper ( Data/Generics/Uniplate/Zipper.hs, dist/dist-sandbox-7aa810c9/build/Data/Generics/Uniplate/Zipper.o )
[16 of 21] Compiling Data.Generics.UniplateStr ( Data/Generics/UniplateStr.hs, dist/dist-sandbox-7aa810c9/build/Data/Generics/UniplateStr.o )
[17 of 21] Compiling Data.Generics.UniplateStrOn ( Data/Generics/UniplateStrOn.hs, dist/dist-sandbox-7aa810c9/build/Data/Generics/UniplateStrOn.o )
[18 of 21] Compiling Data.Generics.Biplate ( Data/Generics/Biplate.hs, dist/dist-sandbox-7aa810c9/build/Data/Generics/Biplate.o )
[19 of 21] Compiling Data.Generics.PlateDirect ( Data/Generics/PlateDirect.hs, dist/dist-sandbox-7aa810c9/build/Data/Generics/PlateDirect.o )
[20 of 21] Compiling Data.Generics.PlateTypeable ( Data/Generics/PlateTypeable.hs, dist/dist-sandbox-7aa810c9/build/Data/Generics/PlateTypeable.o )
[21 of 21] Compiling Data.Generics.PlateData ( Data/Generics/PlateData.hs, dist/dist-sandbox-7aa810c9/build/Data/Generics/PlateData.o )
[ 1 of 21] Compiling Data.Generics.Uniplate.Data.Instances ( Data/Generics/Uniplate/Data/Instances.hs, dist/dist-sandbox-7aa810c9/build/Data/Generics/Uniplate/Data/Instances.p_o )
[ 2 of 21] Compiling Data.Generics.Uniplate.Internal.Utils ( Data/Generics/Uniplate/Internal/Utils.hs, dist/dist-sandbox-7aa810c9/build/Data/Generics/Uniplate/Internal/Utils.p_o )
Loading package ghc-prim ... linking ... done.
Loading package integer-gmp ... linking ... done.
Loading package base ... linking ... done.
Loading package array-0.5.0.0 ... linking ... done.
Loading package deepseq-1.3.0.2 ... linking ... done.
Loading package bytestring-0.10.4.0 ... linking ... done.
Loading package text-1.2.0.0 ... linking ... done.
Loading package hashable-1.2.2.0 ... linking ... done.
Loading package unordered-containers-0.2.5.1 ... linking ... done.
Loading package syb-0.4.2 ... linking ... done.
Loading package containers-0.5.5.1 ... linking ... done.
[ 3 of 21] Compiling Data.Generics.Uniplate ( Data/Generics/Uniplate.hs, dist/dist-sandbox-7aa810c9/build/Data/Generics/Uniplate.p_o )
[ 4 of 21] Compiling Data.Generics.UniplateOn ( Data/Generics/UniplateOn.hs, dist/dist-sandbox-7aa810c9/build/Data/Generics/UniplateOn.p_o )
[ 5 of 21] Compiling Data.Generics.Str ( Data/Generics/Str.hs, dist/dist-sandbox-7aa810c9/build/Data/Generics/Str.p_o )
[ 6 of 21] Compiling Data.Generics.Uniplate.Operations ( Data/Generics/Uniplate/Operations.hs, dist/dist-sandbox-7aa810c9/build/Data/Generics/Uniplate/Operations.p_o )
[ 7 of 21] Compiling Data.Generics.Compos ( Data/Generics/Compos.hs, dist/dist-sandbox-7aa810c9/build/Data/Generics/Compos.p_o )
[ 8 of 21] Compiling Data.Generics.SYB ( Data/Generics/SYB.hs, dist/dist-sandbox-7aa810c9/build/Data/Generics/SYB.p_o )
[ 9 of 21] Compiling Data.Generics.Uniplate.Internal.Data ( Data/Generics/Uniplate/Internal/Data.hs, dist/dist-sandbox-7aa810c9/build/Data/Generics/Uniplate/Internal/Data.p_o )
[10 of 21] Compiling Data.Generics.Uniplate.Data ( Data/Generics/Uniplate/Data.hs, dist/dist-sandbox-7aa810c9/build/Data/Generics/Uniplate/Data.p_o )
[11 of 21] Compiling Data.Generics.Uniplate.Internal.DataOnlyOperations ( Data/Generics/Uniplate/Internal/DataOnlyOperations.hs, dist/dist-sandbox-7aa810c9/build/Data/Generics/Uniplate/Internal/DataOnlyOperations.p_o )
[12 of 21] Compiling Data.Generics.Uniplate.DataOnly ( Data/Generics/Uniplate/DataOnly.hs, dist/dist-sandbox-7aa810c9/build/Data/Generics/Uniplate/DataOnly.p_o )
[13 of 21] Compiling Data.Generics.Uniplate.Direct ( Data/Generics/Uniplate/Direct.hs, dist/dist-sandbox-7aa810c9/build/Data/Generics/Uniplate/Direct.p_o )
[14 of 21] Compiling Data.Generics.Uniplate.Typeable ( Data/Generics/Uniplate/Typeable.hs, dist/dist-sandbox-7aa810c9/build/Data/Generics/Uniplate/Typeable.p_o )
[15 of 21] Compiling Data.Generics.Uniplate.Zipper ( Data/Generics/Uniplate/Zipper.hs, dist/dist-sandbox-7aa810c9/build/Data/Generics/Uniplate/Zipper.p_o )
[16 of 21] Compiling Data.Generics.UniplateStr ( Data/Generics/UniplateStr.hs, dist/dist-sandbox-7aa810c9/build/Data/Generics/UniplateStr.p_o )
[17 of 21] Compiling Data.Generics.UniplateStrOn ( Data/Generics/UniplateStrOn.hs, dist/dist-sandbox-7aa810c9/build/Data/Generics/UniplateStrOn.p_o )
[18 of 21] Compiling Data.Generics.Biplate ( Data/Generics/Biplate.hs, dist/dist-sandbox-7aa810c9/build/Data/Generics/Biplate.p_o )
[19 of 21] Compiling Data.Generics.PlateDirect ( Data/Generics/PlateDirect.hs, dist/dist-sandbox-7aa810c9/build/Data/Generics/PlateDirect.p_o )
[20 of 21] Compiling Data.Generics.PlateTypeable ( Data/Generics/PlateTypeable.hs, dist/dist-sandbox-7aa810c9/build/Data/Generics/PlateTypeable.p_o )
[21 of 21] Compiling Data.Generics.PlateData ( Data/Generics/PlateData.hs, dist/dist-sandbox-7aa810c9/build/Data/Generics/PlateData.p_o )
In-place registering uniplate-1.6.12...
Running Haddock for uniplate-1.6.12...
Preprocessing library uniplate-1.6.12...
Haddock coverage:
 100% ( 16 / 16) in 'Data.Generics.Uniplate.Data.Instances'
  86% (  6 /  7) in 'Data.Generics.Uniplate.Internal.Utils'
 100% ( 19 / 19) in 'Data.Generics.Uniplate'
  55% ( 11 / 20) in 'Data.Generics.UniplateOn'
  46% (  6 / 13) in 'Data.Generics.Str'
  76% ( 22 / 29) in 'Data.Generics.Uniplate.Operations'
 100% (  8 /  8) in 'Data.Generics.Compos'
 100% ( 13 / 13) in 'Data.Generics.SYB'
   8% (  4 / 49) in 'Data.Generics.Uniplate.Internal.Data'
  80% (  4 /  5) in 'Data.Generics.Uniplate.Data'
  72% ( 21 / 29) in 'Data.Generics.Uniplate.Internal.DataOnlyOperations'
  75% ( 24 / 32) in 'Data.Generics.Uniplate.DataOnly'
 100% ( 11 / 11) in 'Data.Generics.Uniplate.Direct'
 100% ( 10 / 10) in 'Data.Generics.Uniplate.Typeable'
 100% ( 14 / 14) in 'Data.Generics.Uniplate.Zipper'
 100% ( 21 / 21) in 'Data.Generics.UniplateStr'
  55% ( 11 / 20) in 'Data.Generics.UniplateStrOn'
  47% (  9 / 19) in 'Data.Generics.Biplate'
 100% ( 10 / 10) in 'Data.Generics.PlateDirect'
 100% ( 10 / 10) in 'Data.Generics.PlateTypeable'
 100% (  2 /  2) in 'Data.Generics.PlateData'
Warning: Data.Generics.Uniplate.Direct: could not find link destinations for:
    Data.Generics.Uniplate.Direct.Type
Warning: Data.Generics.Uniplate.Typeable: could not find link destinations for:
    Data.Generics.Uniplate.Typeable.Type
Warning: Data.Generics.PlateDirect: could not find link destinations for:
    Data.Generics.PlateDirect.Type
Warning: Data.Generics.PlateTypeable: could not find link destinations for:
    Data.Generics.PlateTypeable.Type
Documentation created: dist/dist-sandbox-7aa810c9/doc/html/uniplate/index.html
Creating package registration file:
/var/folders/s5/6vvs4vcd4xq3r6j9pzq2hc7r0000gp/T/pkgConf-uniplate-1.610823.12
Installing library in
/Users/mathiashorrigan/Documents/edx/FP101x_introFunctionalProgramming/ghcmod/.cabal-sandbox/lib/x86_64-osx-ghc-7.8.3/uniplate-1.6.12
Registering uniplate-1.6.12...
