Configuring attoparsec-0.10.4.0...
Building attoparsec-0.10.4.0...
Preprocessing library attoparsec-0.10.4.0...
[ 1 of 18] Compiling Data.Attoparsec.Text.FastSet ( Data/Attoparsec/Text/FastSet.hs, dist/dist-sandbox-b954466d/build/Data/Attoparsec/Text/FastSet.o )
[ 2 of 18] Compiling Data.Attoparsec.Zepto ( Data/Attoparsec/Zepto.hs, dist/dist-sandbox-b954466d/build/Data/Attoparsec/Zepto.o )
[ 3 of 18] Compiling Data.Attoparsec.Number ( Data/Attoparsec/Number.hs, dist/dist-sandbox-b954466d/build/Data/Attoparsec/Number.o )
[ 4 of 18] Compiling Data.Attoparsec.ByteString.FastSet ( Data/Attoparsec/ByteString/FastSet.hs, dist/dist-sandbox-b954466d/build/Data/Attoparsec/ByteString/FastSet.o )
[ 5 of 18] Compiling Data.Attoparsec.Internal.Types ( Data/Attoparsec/Internal/Types.hs, dist/dist-sandbox-b954466d/build/Data/Attoparsec/Internal/Types.o )
[ 6 of 18] Compiling Data.Attoparsec.Types ( Data/Attoparsec/Types.hs, dist/dist-sandbox-b954466d/build/Data/Attoparsec/Types.o )
[ 7 of 18] Compiling Data.Attoparsec.Internal ( Data/Attoparsec/Internal.hs, dist/dist-sandbox-b954466d/build/Data/Attoparsec/Internal.o )
[ 8 of 18] Compiling Data.Attoparsec.Combinator ( Data/Attoparsec/Combinator.hs, dist/dist-sandbox-b954466d/build/Data/Attoparsec/Combinator.o )
[ 9 of 18] Compiling Data.Attoparsec.ByteString.Internal ( Data/Attoparsec/ByteString/Internal.hs, dist/dist-sandbox-b954466d/build/Data/Attoparsec/ByteString/Internal.o )
[10 of 18] Compiling Data.Attoparsec.Text.Internal ( Data/Attoparsec/Text/Internal.hs, dist/dist-sandbox-b954466d/build/Data/Attoparsec/Text/Internal.o )
[11 of 18] Compiling Data.Attoparsec.Text ( Data/Attoparsec/Text.hs, dist/dist-sandbox-b954466d/build/Data/Attoparsec/Text.o )
[12 of 18] Compiling Data.Attoparsec.Text.Lazy ( Data/Attoparsec/Text/Lazy.hs, dist/dist-sandbox-b954466d/build/Data/Attoparsec/Text/Lazy.o )
[13 of 18] Compiling Data.Attoparsec.ByteString ( Data/Attoparsec/ByteString.hs, dist/dist-sandbox-b954466d/build/Data/Attoparsec/ByteString.o )
[14 of 18] Compiling Data.Attoparsec.ByteString.Char8 ( Data/Attoparsec/ByteString/Char8.hs, dist/dist-sandbox-b954466d/build/Data/Attoparsec/ByteString/Char8.o )
[15 of 18] Compiling Data.Attoparsec.Char8 ( Data/Attoparsec/Char8.hs, dist/dist-sandbox-b954466d/build/Data/Attoparsec/Char8.o )
[16 of 18] Compiling Data.Attoparsec.ByteString.Lazy ( Data/Attoparsec/ByteString/Lazy.hs, dist/dist-sandbox-b954466d/build/Data/Attoparsec/ByteString/Lazy.o )
[17 of 18] Compiling Data.Attoparsec.Lazy ( Data/Attoparsec/Lazy.hs, dist/dist-sandbox-b954466d/build/Data/Attoparsec/Lazy.o )
[18 of 18] Compiling Data.Attoparsec  ( Data/Attoparsec.hs, dist/dist-sandbox-b954466d/build/Data/Attoparsec.o )
[ 1 of 18] Compiling Data.Attoparsec.Text.FastSet ( Data/Attoparsec/Text/FastSet.hs, dist/dist-sandbox-b954466d/build/Data/Attoparsec/Text/FastSet.p_o )
[ 2 of 18] Compiling Data.Attoparsec.Zepto ( Data/Attoparsec/Zepto.hs, dist/dist-sandbox-b954466d/build/Data/Attoparsec/Zepto.p_o )
[ 3 of 18] Compiling Data.Attoparsec.Number ( Data/Attoparsec/Number.hs, dist/dist-sandbox-b954466d/build/Data/Attoparsec/Number.p_o )
[ 4 of 18] Compiling Data.Attoparsec.ByteString.FastSet ( Data/Attoparsec/ByteString/FastSet.hs, dist/dist-sandbox-b954466d/build/Data/Attoparsec/ByteString/FastSet.p_o )
[ 5 of 18] Compiling Data.Attoparsec.Internal.Types ( Data/Attoparsec/Internal/Types.hs, dist/dist-sandbox-b954466d/build/Data/Attoparsec/Internal/Types.p_o )
[ 6 of 18] Compiling Data.Attoparsec.Types ( Data/Attoparsec/Types.hs, dist/dist-sandbox-b954466d/build/Data/Attoparsec/Types.p_o )
[ 7 of 18] Compiling Data.Attoparsec.Internal ( Data/Attoparsec/Internal.hs, dist/dist-sandbox-b954466d/build/Data/Attoparsec/Internal.p_o )
[ 8 of 18] Compiling Data.Attoparsec.Combinator ( Data/Attoparsec/Combinator.hs, dist/dist-sandbox-b954466d/build/Data/Attoparsec/Combinator.p_o )
[ 9 of 18] Compiling Data.Attoparsec.ByteString.Internal ( Data/Attoparsec/ByteString/Internal.hs, dist/dist-sandbox-b954466d/build/Data/Attoparsec/ByteString/Internal.p_o )
[10 of 18] Compiling Data.Attoparsec.Text.Internal ( Data/Attoparsec/Text/Internal.hs, dist/dist-sandbox-b954466d/build/Data/Attoparsec/Text/Internal.p_o )
[11 of 18] Compiling Data.Attoparsec.Text ( Data/Attoparsec/Text.hs, dist/dist-sandbox-b954466d/build/Data/Attoparsec/Text.p_o )
[12 of 18] Compiling Data.Attoparsec.Text.Lazy ( Data/Attoparsec/Text/Lazy.hs, dist/dist-sandbox-b954466d/build/Data/Attoparsec/Text/Lazy.p_o )
[13 of 18] Compiling Data.Attoparsec.ByteString ( Data/Attoparsec/ByteString.hs, dist/dist-sandbox-b954466d/build/Data/Attoparsec/ByteString.p_o )
[14 of 18] Compiling Data.Attoparsec.ByteString.Char8 ( Data/Attoparsec/ByteString/Char8.hs, dist/dist-sandbox-b954466d/build/Data/Attoparsec/ByteString/Char8.p_o )
[15 of 18] Compiling Data.Attoparsec.Char8 ( Data/Attoparsec/Char8.hs, dist/dist-sandbox-b954466d/build/Data/Attoparsec/Char8.p_o )
[16 of 18] Compiling Data.Attoparsec.ByteString.Lazy ( Data/Attoparsec/ByteString/Lazy.hs, dist/dist-sandbox-b954466d/build/Data/Attoparsec/ByteString/Lazy.p_o )
[17 of 18] Compiling Data.Attoparsec.Lazy ( Data/Attoparsec/Lazy.hs, dist/dist-sandbox-b954466d/build/Data/Attoparsec/Lazy.p_o )
[18 of 18] Compiling Data.Attoparsec  ( Data/Attoparsec.hs, dist/dist-sandbox-b954466d/build/Data/Attoparsec.p_o )
In-place registering attoparsec-0.10.4.0...
Running Haddock for attoparsec-0.10.4.0...
Preprocessing library attoparsec-0.10.4.0...
Haddock coverage:
  70% (  7 / 10) in 'Data.Attoparsec.Text.FastSet'
 100% (  7 /  7) in 'Data.Attoparsec.Zepto'
 100% (  2 /  2) in 'Data.Attoparsec.Number'
  69% (  9 / 13) in 'Data.Attoparsec.ByteString.FastSet'
  40% (  4 / 10) in 'Data.Attoparsec.Internal.Types'
 100% (  3 /  3) in 'Data.Attoparsec.Types'
 100% (  2 /  2) in 'Data.Attoparsec.Internal'
 100% ( 16 / 16) in 'Data.Attoparsec.Combinator'
  90% ( 37 / 41) in 'Data.Attoparsec.ByteString.Internal'
  95% ( 38 / 40) in 'Data.Attoparsec.Text.Internal'
  97% ( 71 / 73) in 'Data.Attoparsec.Text'
 100% (  9 /  9) in 'Data.Attoparsec.Text.Lazy'
  96% ( 48 / 50) in 'Data.Attoparsec.ByteString'
  97% ( 73 / 75) in 'Data.Attoparsec.ByteString.Char8'
 100% (  2 /  2) in 'Data.Attoparsec.Char8'
 100% (  9 /  9) in 'Data.Attoparsec.ByteString.Lazy'
 100% (  2 /  2) in 'Data.Attoparsec.Lazy'
 100% (  2 /  2) in 'Data.Attoparsec'
Documentation created:
dist/dist-sandbox-b954466d/doc/html/attoparsec/index.html
Creating package registration file:
/var/folders/s5/6vvs4vcd4xq3r6j9pzq2hc7r0000gp/T/pkgConf-attoparsec-0.10.420723.0
Installing library in
/Users/mathiashorrigan/Documents/edx/FP101x_introFunctionalProgramming/present/.cabal-sandbox/lib/x86_64-osx-ghc-7.8.3/attoparsec-0.10.4.0
Registering attoparsec-0.10.4.0...
