Configuring blaze-textual-0.2.0.9...
Building blaze-textual-0.2.0.9...
Preprocessing library blaze-textual-0.2.0.9...
[1 of 4] Compiling Blaze.Text.Int   ( Blaze/Text/Int.hs, dist/dist-sandbox-b954466d/build/Blaze/Text/Int.o )
[2 of 4] Compiling Blaze.Text.Double.Native ( Blaze/Text/Double/Native.hs, dist/dist-sandbox-b954466d/build/Blaze/Text/Double/Native.o )
[3 of 4] Compiling Blaze.Text.Double ( Blaze/Text/Double.hs, dist/dist-sandbox-b954466d/build/Blaze/Text/Double.o )
[4 of 4] Compiling Blaze.Text       ( Blaze/Text.hs, dist/dist-sandbox-b954466d/build/Blaze/Text.o )
[1 of 4] Compiling Blaze.Text.Int   ( Blaze/Text/Int.hs, dist/dist-sandbox-b954466d/build/Blaze/Text/Int.p_o )
[2 of 4] Compiling Blaze.Text.Double.Native ( Blaze/Text/Double/Native.hs, dist/dist-sandbox-b954466d/build/Blaze/Text/Double/Native.p_o )
[3 of 4] Compiling Blaze.Text.Double ( Blaze/Text/Double.hs, dist/dist-sandbox-b954466d/build/Blaze/Text/Double.p_o )
[4 of 4] Compiling Blaze.Text       ( Blaze/Text.hs, dist/dist-sandbox-b954466d/build/Blaze/Text.p_o )
In-place registering blaze-textual-0.2.0.9...
Running Haddock for blaze-textual-0.2.0.9...
Preprocessing library blaze-textual-0.2.0.9...
Haddock coverage:
   0% (  0 /  4) in 'Blaze.Text.Int'
   0% (  0 /  3) in 'Blaze.Text.Double.Native'
   0% (  0 /  3) in 'Blaze.Text.Double'
   0% (  0 /  4) in 'Blaze.Text'
Documentation created:
dist/dist-sandbox-b954466d/doc/html/blaze-textual/index.html
Creating package registration file:
/var/folders/s5/6vvs4vcd4xq3r6j9pzq2hc7r0000gp/T/pkgConf-blaze-textual-0.2.020723.9
Installing library in
/Users/mathiashorrigan/Documents/edx/FP101x_introFunctionalProgramming/present/.cabal-sandbox/lib/x86_64-osx-ghc-7.8.3/blaze-textual-0.2.0.9
Registering blaze-textual-0.2.0.9...
