Configuring mtl-2.2.1...
Building mtl-2.2.1...
Preprocessing library mtl-2.2.1...
[ 1 of 22] Compiling Control.Monad.Writer.Class ( Control/Monad/Writer/Class.hs, dist/dist-sandbox-b954466d/build/Control/Monad/Writer/Class.o )
[ 2 of 22] Compiling Control.Monad.State.Class ( Control/Monad/State/Class.hs, dist/dist-sandbox-b954466d/build/Control/Monad/State/Class.o )
[ 3 of 22] Compiling Control.Monad.Reader.Class ( Control/Monad/Reader/Class.hs, dist/dist-sandbox-b954466d/build/Control/Monad/Reader/Class.o )
[ 4 of 22] Compiling Control.Monad.RWS.Class ( Control/Monad/RWS/Class.hs, dist/dist-sandbox-b954466d/build/Control/Monad/RWS/Class.o )
[ 5 of 22] Compiling Control.Monad.Identity ( Control/Monad/Identity.hs, dist/dist-sandbox-b954466d/build/Control/Monad/Identity.o )
[ 6 of 22] Compiling Control.Monad.Error.Class ( Control/Monad/Error/Class.hs, dist/dist-sandbox-b954466d/build/Control/Monad/Error/Class.o )
[ 7 of 22] Compiling Control.Monad.Cont.Class ( Control/Monad/Cont/Class.hs, dist/dist-sandbox-b954466d/build/Control/Monad/Cont/Class.o )
[ 8 of 22] Compiling Control.Monad.Trans ( Control/Monad/Trans.hs, dist/dist-sandbox-b954466d/build/Control/Monad/Trans.o )
[ 9 of 22] Compiling Control.Monad.Error ( Control/Monad/Error.hs, dist/dist-sandbox-b954466d/build/Control/Monad/Error.o )
[10 of 22] Compiling Control.Monad.Except ( Control/Monad/Except.hs, dist/dist-sandbox-b954466d/build/Control/Monad/Except.o )
[11 of 22] Compiling Control.Monad.List ( Control/Monad/List.hs, dist/dist-sandbox-b954466d/build/Control/Monad/List.o )
[12 of 22] Compiling Control.Monad.RWS.Lazy ( Control/Monad/RWS/Lazy.hs, dist/dist-sandbox-b954466d/build/Control/Monad/RWS/Lazy.o )
[13 of 22] Compiling Control.Monad.RWS ( Control/Monad/RWS.hs, dist/dist-sandbox-b954466d/build/Control/Monad/RWS.o )
[14 of 22] Compiling Control.Monad.Reader ( Control/Monad/Reader.hs, dist/dist-sandbox-b954466d/build/Control/Monad/Reader.o )
[15 of 22] Compiling Control.Monad.RWS.Strict ( Control/Monad/RWS/Strict.hs, dist/dist-sandbox-b954466d/build/Control/Monad/RWS/Strict.o )
[16 of 22] Compiling Control.Monad.State.Lazy ( Control/Monad/State/Lazy.hs, dist/dist-sandbox-b954466d/build/Control/Monad/State/Lazy.o )
[17 of 22] Compiling Control.Monad.State ( Control/Monad/State.hs, dist/dist-sandbox-b954466d/build/Control/Monad/State.o )
[18 of 22] Compiling Control.Monad.State.Strict ( Control/Monad/State/Strict.hs, dist/dist-sandbox-b954466d/build/Control/Monad/State/Strict.o )
[19 of 22] Compiling Control.Monad.Writer.Lazy ( Control/Monad/Writer/Lazy.hs, dist/dist-sandbox-b954466d/build/Control/Monad/Writer/Lazy.o )
[20 of 22] Compiling Control.Monad.Writer ( Control/Monad/Writer.hs, dist/dist-sandbox-b954466d/build/Control/Monad/Writer.o )
[21 of 22] Compiling Control.Monad.Writer.Strict ( Control/Monad/Writer/Strict.hs, dist/dist-sandbox-b954466d/build/Control/Monad/Writer/Strict.o )
[22 of 22] Compiling Control.Monad.Cont ( Control/Monad/Cont.hs, dist/dist-sandbox-b954466d/build/Control/Monad/Cont.o )
[ 1 of 22] Compiling Control.Monad.Writer.Class ( Control/Monad/Writer/Class.hs, dist/dist-sandbox-b954466d/build/Control/Monad/Writer/Class.p_o )
[ 2 of 22] Compiling Control.Monad.State.Class ( Control/Monad/State/Class.hs, dist/dist-sandbox-b954466d/build/Control/Monad/State/Class.p_o )
[ 3 of 22] Compiling Control.Monad.Reader.Class ( Control/Monad/Reader/Class.hs, dist/dist-sandbox-b954466d/build/Control/Monad/Reader/Class.p_o )
[ 4 of 22] Compiling Control.Monad.RWS.Class ( Control/Monad/RWS/Class.hs, dist/dist-sandbox-b954466d/build/Control/Monad/RWS/Class.p_o )
[ 5 of 22] Compiling Control.Monad.Identity ( Control/Monad/Identity.hs, dist/dist-sandbox-b954466d/build/Control/Monad/Identity.p_o )
[ 6 of 22] Compiling Control.Monad.Error.Class ( Control/Monad/Error/Class.hs, dist/dist-sandbox-b954466d/build/Control/Monad/Error/Class.p_o )
[ 7 of 22] Compiling Control.Monad.Cont.Class ( Control/Monad/Cont/Class.hs, dist/dist-sandbox-b954466d/build/Control/Monad/Cont/Class.p_o )
[ 8 of 22] Compiling Control.Monad.Trans ( Control/Monad/Trans.hs, dist/dist-sandbox-b954466d/build/Control/Monad/Trans.p_o )
[ 9 of 22] Compiling Control.Monad.Error ( Control/Monad/Error.hs, dist/dist-sandbox-b954466d/build/Control/Monad/Error.p_o )
[10 of 22] Compiling Control.Monad.Except ( Control/Monad/Except.hs, dist/dist-sandbox-b954466d/build/Control/Monad/Except.p_o )
[11 of 22] Compiling Control.Monad.List ( Control/Monad/List.hs, dist/dist-sandbox-b954466d/build/Control/Monad/List.p_o )
[12 of 22] Compiling Control.Monad.RWS.Lazy ( Control/Monad/RWS/Lazy.hs, dist/dist-sandbox-b954466d/build/Control/Monad/RWS/Lazy.p_o )
[13 of 22] Compiling Control.Monad.RWS ( Control/Monad/RWS.hs, dist/dist-sandbox-b954466d/build/Control/Monad/RWS.p_o )
[14 of 22] Compiling Control.Monad.Reader ( Control/Monad/Reader.hs, dist/dist-sandbox-b954466d/build/Control/Monad/Reader.p_o )
[15 of 22] Compiling Control.Monad.RWS.Strict ( Control/Monad/RWS/Strict.hs, dist/dist-sandbox-b954466d/build/Control/Monad/RWS/Strict.p_o )
[16 of 22] Compiling Control.Monad.State.Lazy ( Control/Monad/State/Lazy.hs, dist/dist-sandbox-b954466d/build/Control/Monad/State/Lazy.p_o )
[17 of 22] Compiling Control.Monad.State ( Control/Monad/State.hs, dist/dist-sandbox-b954466d/build/Control/Monad/State.p_o )
[18 of 22] Compiling Control.Monad.State.Strict ( Control/Monad/State/Strict.hs, dist/dist-sandbox-b954466d/build/Control/Monad/State/Strict.p_o )
[19 of 22] Compiling Control.Monad.Writer.Lazy ( Control/Monad/Writer/Lazy.hs, dist/dist-sandbox-b954466d/build/Control/Monad/Writer/Lazy.p_o )
[20 of 22] Compiling Control.Monad.Writer ( Control/Monad/Writer.hs, dist/dist-sandbox-b954466d/build/Control/Monad/Writer.p_o )
[21 of 22] Compiling Control.Monad.Writer.Strict ( Control/Monad/Writer/Strict.hs, dist/dist-sandbox-b954466d/build/Control/Monad/Writer/Strict.p_o )
[22 of 22] Compiling Control.Monad.Cont ( Control/Monad/Cont.hs, dist/dist-sandbox-b954466d/build/Control/Monad/Cont.p_o )
In-place registering mtl-2.2.1...
Running Haddock for mtl-2.2.1...
Preprocessing library mtl-2.2.1...
Haddock coverage:
  75% (  3 /  4) in 'Control.Monad.Writer.Class'
 100% (  5 /  5) in 'Control.Monad.State.Class'
 100% (  3 /  3) in 'Control.Monad.Reader.Class'
  80% (  4 /  5) in 'Control.Monad.RWS.Class'
 100% (  4 /  4) in 'Control.Monad.Identity'
 100% (  3 /  3) in 'Control.Monad.Error.Class'
  50% (  1 /  2) in 'Control.Monad.Cont.Class'
 100% (  3 /  3) in 'Control.Monad.Trans'
  93% ( 14 / 15) in 'Control.Monad.Error'
 100% ( 19 / 19) in 'Control.Monad.Except'
 100% (  5 /  5) in 'Control.Monad.List'
  95% ( 21 / 22) in 'Control.Monad.RWS.Lazy'
 100% (  2 /  2) in 'Control.Monad.RWS'
  96% ( 22 / 23) in 'Control.Monad.Reader'
  95% ( 21 / 22) in 'Control.Monad.RWS.Strict'
  96% ( 24 / 25) in 'Control.Monad.State.Lazy'
 100% (  2 /  2) in 'Control.Monad.State'
  96% ( 24 / 25) in 'Control.Monad.State.Strict'
  89% ( 17 / 19) in 'Control.Monad.Writer.Lazy'
 100% (  2 /  2) in 'Control.Monad.Writer'
  94% ( 17 / 18) in 'Control.Monad.Writer.Strict'
  91% ( 20 / 22) in 'Control.Monad.Cont'
Documentation created: dist/dist-sandbox-b954466d/doc/html/mtl/index.html
Creating package registration file:
/var/folders/s5/6vvs4vcd4xq3r6j9pzq2hc7r0000gp/T/pkgConf-mtl-2.220723.1
Installing library in
/Users/mathiashorrigan/Documents/edx/FP101x_introFunctionalProgramming/present/.cabal-sandbox/lib/x86_64-osx-ghc-7.8.3/mtl-2.2.1
Registering mtl-2.2.1...
