Configuring transformers-0.4.1.0...
Building transformers-0.4.1.0...
Preprocessing library transformers-0.4.1.0...
[ 1 of 28] Compiling Control.Monad.Trans.Class ( Control/Monad/Trans/Class.hs, dist/dist-sandbox-b954466d/build/Control/Monad/Trans/Class.o )
[ 2 of 28] Compiling Control.Monad.Signatures ( Control/Monad/Signatures.hs, dist/dist-sandbox-b954466d/build/Control/Monad/Signatures.o )
[ 3 of 28] Compiling Control.Monad.IO.Class ( Control/Monad/IO/Class.hs, dist/dist-sandbox-b954466d/build/Control/Monad/IO/Class.o )
[ 4 of 28] Compiling Data.Functor.Classes ( Data/Functor/Classes.hs, dist/dist-sandbox-b954466d/build/Data/Functor/Classes.o )
[ 5 of 28] Compiling Data.Functor.Constant ( Data/Functor/Constant.hs, dist/dist-sandbox-b954466d/build/Data/Functor/Constant.o )
[ 6 of 28] Compiling Control.Applicative.Lift ( Control/Applicative/Lift.hs, dist/dist-sandbox-b954466d/build/Control/Applicative/Lift.o )
[ 7 of 28] Compiling Data.Functor.Identity ( Data/Functor/Identity.hs, dist/dist-sandbox-b954466d/build/Data/Functor/Identity.o )
[ 8 of 28] Compiling Control.Monad.Trans.Cont ( Control/Monad/Trans/Cont.hs, dist/dist-sandbox-b954466d/build/Control/Monad/Trans/Cont.o )
[ 9 of 28] Compiling Control.Monad.Trans.Reader ( Control/Monad/Trans/Reader.hs, dist/dist-sandbox-b954466d/build/Control/Monad/Trans/Reader.o )
[10 of 28] Compiling Control.Monad.Trans.RWS.Lazy ( Control/Monad/Trans/RWS/Lazy.hs, dist/dist-sandbox-b954466d/build/Control/Monad/Trans/RWS/Lazy.o )
[11 of 28] Compiling Control.Monad.Trans.RWS ( Control/Monad/Trans/RWS.hs, dist/dist-sandbox-b954466d/build/Control/Monad/Trans/RWS.o )
[12 of 28] Compiling Control.Monad.Trans.RWS.Strict ( Control/Monad/Trans/RWS/Strict.hs, dist/dist-sandbox-b954466d/build/Control/Monad/Trans/RWS/Strict.o )
[13 of 28] Compiling Control.Monad.Trans.State.Lazy ( Control/Monad/Trans/State/Lazy.hs, dist/dist-sandbox-b954466d/build/Control/Monad/Trans/State/Lazy.o )
[14 of 28] Compiling Control.Monad.Trans.State ( Control/Monad/Trans/State.hs, dist/dist-sandbox-b954466d/build/Control/Monad/Trans/State.o )
[15 of 28] Compiling Control.Monad.Trans.State.Strict ( Control/Monad/Trans/State/Strict.hs, dist/dist-sandbox-b954466d/build/Control/Monad/Trans/State/Strict.o )
[16 of 28] Compiling Control.Monad.Trans.Except ( Control/Monad/Trans/Except.hs, dist/dist-sandbox-b954466d/build/Control/Monad/Trans/Except.o )
[17 of 28] Compiling Control.Monad.Trans.Error ( Control/Monad/Trans/Error.hs, dist/dist-sandbox-b954466d/build/Control/Monad/Trans/Error.o )
[18 of 28] Compiling Control.Monad.Trans.Identity ( Control/Monad/Trans/Identity.hs, dist/dist-sandbox-b954466d/build/Control/Monad/Trans/Identity.o )
[19 of 28] Compiling Control.Monad.Trans.List ( Control/Monad/Trans/List.hs, dist/dist-sandbox-b954466d/build/Control/Monad/Trans/List.o )
[20 of 28] Compiling Control.Monad.Trans.Maybe ( Control/Monad/Trans/Maybe.hs, dist/dist-sandbox-b954466d/build/Control/Monad/Trans/Maybe.o )
[21 of 28] Compiling Control.Monad.Trans.Writer.Lazy ( Control/Monad/Trans/Writer/Lazy.hs, dist/dist-sandbox-b954466d/build/Control/Monad/Trans/Writer/Lazy.o )
[22 of 28] Compiling Control.Monad.Trans.Writer ( Control/Monad/Trans/Writer.hs, dist/dist-sandbox-b954466d/build/Control/Monad/Trans/Writer.o )
[23 of 28] Compiling Control.Monad.Trans.Writer.Strict ( Control/Monad/Trans/Writer/Strict.hs, dist/dist-sandbox-b954466d/build/Control/Monad/Trans/Writer/Strict.o )
[24 of 28] Compiling Data.Functor.Compose ( Data/Functor/Compose.hs, dist/dist-sandbox-b954466d/build/Data/Functor/Compose.o )
[25 of 28] Compiling Data.Functor.Product ( Data/Functor/Product.hs, dist/dist-sandbox-b954466d/build/Data/Functor/Product.o )
[26 of 28] Compiling Data.Functor.Sum ( Data/Functor/Sum.hs, dist/dist-sandbox-b954466d/build/Data/Functor/Sum.o )
[27 of 28] Compiling Control.Applicative.Backwards ( Control/Applicative/Backwards.hs, dist/dist-sandbox-b954466d/build/Control/Applicative/Backwards.o )
[28 of 28] Compiling Data.Functor.Reverse ( Data/Functor/Reverse.hs, dist/dist-sandbox-b954466d/build/Data/Functor/Reverse.o )
[ 1 of 28] Compiling Control.Monad.Trans.Class ( Control/Monad/Trans/Class.hs, dist/dist-sandbox-b954466d/build/Control/Monad/Trans/Class.p_o )
[ 2 of 28] Compiling Control.Monad.Signatures ( Control/Monad/Signatures.hs, dist/dist-sandbox-b954466d/build/Control/Monad/Signatures.p_o )
[ 3 of 28] Compiling Control.Monad.IO.Class ( Control/Monad/IO/Class.hs, dist/dist-sandbox-b954466d/build/Control/Monad/IO/Class.p_o )
[ 4 of 28] Compiling Data.Functor.Classes ( Data/Functor/Classes.hs, dist/dist-sandbox-b954466d/build/Data/Functor/Classes.p_o )
[ 5 of 28] Compiling Data.Functor.Constant ( Data/Functor/Constant.hs, dist/dist-sandbox-b954466d/build/Data/Functor/Constant.p_o )
[ 6 of 28] Compiling Control.Applicative.Lift ( Control/Applicative/Lift.hs, dist/dist-sandbox-b954466d/build/Control/Applicative/Lift.p_o )
[ 7 of 28] Compiling Data.Functor.Identity ( Data/Functor/Identity.hs, dist/dist-sandbox-b954466d/build/Data/Functor/Identity.p_o )
[ 8 of 28] Compiling Control.Monad.Trans.Cont ( Control/Monad/Trans/Cont.hs, dist/dist-sandbox-b954466d/build/Control/Monad/Trans/Cont.p_o )
[ 9 of 28] Compiling Control.Monad.Trans.Reader ( Control/Monad/Trans/Reader.hs, dist/dist-sandbox-b954466d/build/Control/Monad/Trans/Reader.p_o )
[10 of 28] Compiling Control.Monad.Trans.RWS.Lazy ( Control/Monad/Trans/RWS/Lazy.hs, dist/dist-sandbox-b954466d/build/Control/Monad/Trans/RWS/Lazy.p_o )
[11 of 28] Compiling Control.Monad.Trans.RWS ( Control/Monad/Trans/RWS.hs, dist/dist-sandbox-b954466d/build/Control/Monad/Trans/RWS.p_o )
[12 of 28] Compiling Control.Monad.Trans.RWS.Strict ( Control/Monad/Trans/RWS/Strict.hs, dist/dist-sandbox-b954466d/build/Control/Monad/Trans/RWS/Strict.p_o )
[13 of 28] Compiling Control.Monad.Trans.State.Lazy ( Control/Monad/Trans/State/Lazy.hs, dist/dist-sandbox-b954466d/build/Control/Monad/Trans/State/Lazy.p_o )
[14 of 28] Compiling Control.Monad.Trans.State ( Control/Monad/Trans/State.hs, dist/dist-sandbox-b954466d/build/Control/Monad/Trans/State.p_o )
[15 of 28] Compiling Control.Monad.Trans.State.Strict ( Control/Monad/Trans/State/Strict.hs, dist/dist-sandbox-b954466d/build/Control/Monad/Trans/State/Strict.p_o )
[16 of 28] Compiling Control.Monad.Trans.Except ( Control/Monad/Trans/Except.hs, dist/dist-sandbox-b954466d/build/Control/Monad/Trans/Except.p_o )
[17 of 28] Compiling Control.Monad.Trans.Error ( Control/Monad/Trans/Error.hs, dist/dist-sandbox-b954466d/build/Control/Monad/Trans/Error.p_o )
[18 of 28] Compiling Control.Monad.Trans.Identity ( Control/Monad/Trans/Identity.hs, dist/dist-sandbox-b954466d/build/Control/Monad/Trans/Identity.p_o )
[19 of 28] Compiling Control.Monad.Trans.List ( Control/Monad/Trans/List.hs, dist/dist-sandbox-b954466d/build/Control/Monad/Trans/List.p_o )
[20 of 28] Compiling Control.Monad.Trans.Maybe ( Control/Monad/Trans/Maybe.hs, dist/dist-sandbox-b954466d/build/Control/Monad/Trans/Maybe.p_o )
[21 of 28] Compiling Control.Monad.Trans.Writer.Lazy ( Control/Monad/Trans/Writer/Lazy.hs, dist/dist-sandbox-b954466d/build/Control/Monad/Trans/Writer/Lazy.p_o )
[22 of 28] Compiling Control.Monad.Trans.Writer ( Control/Monad/Trans/Writer.hs, dist/dist-sandbox-b954466d/build/Control/Monad/Trans/Writer.p_o )
[23 of 28] Compiling Control.Monad.Trans.Writer.Strict ( Control/Monad/Trans/Writer/Strict.hs, dist/dist-sandbox-b954466d/build/Control/Monad/Trans/Writer/Strict.p_o )
[24 of 28] Compiling Data.Functor.Compose ( Data/Functor/Compose.hs, dist/dist-sandbox-b954466d/build/Data/Functor/Compose.p_o )
[25 of 28] Compiling Data.Functor.Product ( Data/Functor/Product.hs, dist/dist-sandbox-b954466d/build/Data/Functor/Product.p_o )
[26 of 28] Compiling Data.Functor.Sum ( Data/Functor/Sum.hs, dist/dist-sandbox-b954466d/build/Data/Functor/Sum.p_o )
[27 of 28] Compiling Control.Applicative.Backwards ( Control/Applicative/Backwards.hs, dist/dist-sandbox-b954466d/build/Control/Applicative/Backwards.p_o )
[28 of 28] Compiling Data.Functor.Reverse ( Data/Functor/Reverse.hs, dist/dist-sandbox-b954466d/build/Data/Functor/Reverse.p_o )
In-place registering transformers-0.4.1.0...
Running Haddock for transformers-0.4.1.0...
Preprocessing library transformers-0.4.1.0...
Haddock coverage:
 100% ( 14 / 14) in 'Control.Monad.Trans.Class'
 100% (  5 /  5) in 'Control.Monad.Signatures'
 100% (  2 /  2) in 'Control.Monad.IO.Class'
 100% ( 14 / 14) in 'Data.Functor.Classes'
 100% (  2 /  2) in 'Data.Functor.Constant'
 100% (  6 /  6) in 'Control.Applicative.Lift'
 100% (  2 /  2) in 'Data.Functor.Identity'
 100% ( 22 / 22) in 'Control.Monad.Trans.Cont'
 100% ( 18 / 18) in 'Control.Monad.Trans.Reader'
 100% ( 37 / 37) in 'Control.Monad.Trans.RWS.Lazy'
 100% (  2 /  2) in 'Control.Monad.Trans.RWS'
 100% ( 37 / 37) in 'Control.Monad.Trans.RWS.Strict'
 100% ( 34 / 34) in 'Control.Monad.Trans.State.Lazy'
 100% (  2 /  2) in 'Control.Monad.Trans.State'
 100% ( 34 / 34) in 'Control.Monad.Trans.State.Strict'
 100% ( 19 / 19) in 'Control.Monad.Trans.Except'
 100% ( 15 / 15) in 'Control.Monad.Trans.Error'
 100% (  7 /  7) in 'Control.Monad.Trans.Identity'
 100% (  7 /  7) in 'Control.Monad.Trans.List'
 100% ( 12 / 12) in 'Control.Monad.Trans.Maybe'
 100% ( 20 / 20) in 'Control.Monad.Trans.Writer.Lazy'
 100% (  2 /  2) in 'Control.Monad.Trans.Writer'
 100% ( 20 / 20) in 'Control.Monad.Trans.Writer.Strict'
 100% (  2 /  2) in 'Data.Functor.Compose'
 100% (  2 /  2) in 'Data.Functor.Product'
 100% (  2 /  2) in 'Data.Functor.Sum'
 100% (  2 /  2) in 'Control.Applicative.Backwards'
 100% (  2 /  2) in 'Data.Functor.Reverse'
Documentation created:
dist/dist-sandbox-b954466d/doc/html/transformers/index.html
Creating package registration file:
/var/folders/s5/6vvs4vcd4xq3r6j9pzq2hc7r0000gp/T/pkgConf-transformers-0.4.120723.0
Installing library in
/Users/mathiashorrigan/Documents/edx/FP101x_introFunctionalProgramming/present/.cabal-sandbox/lib/x86_64-osx-ghc-7.8.3/transformers-0.4.1.0
Registering transformers-0.4.1.0...
