Configuring vector-0.10.12.1...
Building vector-0.10.12.1...
Preprocessing library vector-0.10.12.1...
[ 1 of 19] Compiling Data.Vector.Storable.Internal ( Data/Vector/Storable/Internal.hs, dist/dist-sandbox-b954466d/build/Data/Vector/Storable/Internal.o )
[ 2 of 19] Compiling Data.Vector.Fusion.Util ( Data/Vector/Fusion/Util.hs, dist/dist-sandbox-b954466d/build/Data/Vector/Fusion/Util.o )
[ 3 of 19] Compiling Data.Vector.Fusion.Stream.Size ( Data/Vector/Fusion/Stream/Size.hs, dist/dist-sandbox-b954466d/build/Data/Vector/Fusion/Stream/Size.o )

Data/Vector/Fusion/Stream/Size.hs:25:10: Warning:
    No explicit implementation for
      ‘*’, ‘abs’, and ‘signum’
    In the instance declaration for ‘Num Size’
[ 4 of 19] Compiling Data.Vector.Internal.Check ( Data/Vector/Internal/Check.hs, dist/dist-sandbox-b954466d/build/Data/Vector/Internal/Check.o )
[ 5 of 19] Compiling Data.Vector.Fusion.Stream.Monadic ( Data/Vector/Fusion/Stream/Monadic.hs, dist/dist-sandbox-b954466d/build/Data/Vector/Fusion/Stream/Monadic.o )
Loading package ghc-prim ... linking ... done.
Loading package integer-gmp ... linking ... done.
Loading package base ... linking ... done.
Loading package primitive-0.5.4.0 ... linking ... done.
Loading package array-0.5.0.0 ... linking ... done.
Loading package deepseq-1.3.0.2 ... linking ... done.
[ 6 of 19] Compiling Data.Vector.Fusion.Stream ( Data/Vector/Fusion/Stream.hs, dist/dist-sandbox-b954466d/build/Data/Vector/Fusion/Stream.o )
[ 7 of 19] Compiling Data.Vector.Generic.Mutable ( Data/Vector/Generic/Mutable.hs, dist/dist-sandbox-b954466d/build/Data/Vector/Generic/Mutable.o )
[ 8 of 19] Compiling Data.Vector.Generic.Base ( Data/Vector/Generic/Base.hs, dist/dist-sandbox-b954466d/build/Data/Vector/Generic/Base.o )
[ 9 of 19] Compiling Data.Vector.Generic.New ( Data/Vector/Generic/New.hs, dist/dist-sandbox-b954466d/build/Data/Vector/Generic/New.o )
[10 of 19] Compiling Data.Vector.Generic ( Data/Vector/Generic.hs, dist/dist-sandbox-b954466d/build/Data/Vector/Generic.o )
[11 of 19] Compiling Data.Vector.Primitive.Mutable ( Data/Vector/Primitive/Mutable.hs, dist/dist-sandbox-b954466d/build/Data/Vector/Primitive/Mutable.o )
[12 of 19] Compiling Data.Vector.Primitive ( Data/Vector/Primitive.hs, dist/dist-sandbox-b954466d/build/Data/Vector/Primitive.o )
[13 of 19] Compiling Data.Vector.Storable.Mutable ( Data/Vector/Storable/Mutable.hs, dist/dist-sandbox-b954466d/build/Data/Vector/Storable/Mutable.o )

Data/Vector/Storable/Mutable.hs:449:1: Warning:
    Rule "unsafeFromForeignPtr fp 0 n -> unsafeFromForeignPtr0 fp n " may never fire
      because ‘unsafeFromForeignPtr’ might inline first
    Probable fix: add an INLINE[n] or NOINLINE[n] pragma on ‘unsafeFromForeignPtr’
[14 of 19] Compiling Data.Vector.Storable ( Data/Vector/Storable.hs, dist/dist-sandbox-b954466d/build/Data/Vector/Storable.o )

Data/Vector/Storable.hs:1397:1: Warning:
    Rule "unsafeFromForeignPtr fp 0 n -> unsafeFromForeignPtr0 fp n " may never fire
      because ‘unsafeFromForeignPtr’ might inline first
    Probable fix: add an INLINE[n] or NOINLINE[n] pragma on ‘unsafeFromForeignPtr’
[15 of 19] Compiling Data.Vector.Unboxed.Base ( Data/Vector/Unboxed/Base.hs, dist/dist-sandbox-b954466d/build/Data/Vector/Unboxed/Base.o )
[16 of 19] Compiling Data.Vector.Unboxed ( Data/Vector/Unboxed.hs, dist/dist-sandbox-b954466d/build/Data/Vector/Unboxed.o )
[17 of 19] Compiling Data.Vector.Unboxed.Mutable ( Data/Vector/Unboxed/Mutable.hs, dist/dist-sandbox-b954466d/build/Data/Vector/Unboxed/Mutable.o )
[18 of 19] Compiling Data.Vector.Mutable ( Data/Vector/Mutable.hs, dist/dist-sandbox-b954466d/build/Data/Vector/Mutable.o )
[19 of 19] Compiling Data.Vector      ( Data/Vector.hs, dist/dist-sandbox-b954466d/build/Data/Vector.o )
[ 1 of 19] Compiling Data.Vector.Storable.Internal ( Data/Vector/Storable/Internal.hs, dist/dist-sandbox-b954466d/build/Data/Vector/Storable/Internal.p_o )
[ 2 of 19] Compiling Data.Vector.Fusion.Util ( Data/Vector/Fusion/Util.hs, dist/dist-sandbox-b954466d/build/Data/Vector/Fusion/Util.p_o )
[ 3 of 19] Compiling Data.Vector.Fusion.Stream.Size ( Data/Vector/Fusion/Stream/Size.hs, dist/dist-sandbox-b954466d/build/Data/Vector/Fusion/Stream/Size.p_o )

Data/Vector/Fusion/Stream/Size.hs:25:10: Warning:
    No explicit implementation for
      ‘*’, ‘abs’, and ‘signum’
    In the instance declaration for ‘Num Size’
[ 4 of 19] Compiling Data.Vector.Internal.Check ( Data/Vector/Internal/Check.hs, dist/dist-sandbox-b954466d/build/Data/Vector/Internal/Check.p_o )
[ 5 of 19] Compiling Data.Vector.Fusion.Stream.Monadic ( Data/Vector/Fusion/Stream/Monadic.hs, dist/dist-sandbox-b954466d/build/Data/Vector/Fusion/Stream/Monadic.p_o )
Loading package ghc-prim ... linking ... done.
Loading package integer-gmp ... linking ... done.
Loading package base ... linking ... done.
Loading package primitive-0.5.4.0 ... linking ... done.
Loading package array-0.5.0.0 ... linking ... done.
Loading package deepseq-1.3.0.2 ... linking ... done.
[ 6 of 19] Compiling Data.Vector.Fusion.Stream ( Data/Vector/Fusion/Stream.hs, dist/dist-sandbox-b954466d/build/Data/Vector/Fusion/Stream.p_o )
[ 7 of 19] Compiling Data.Vector.Generic.Mutable ( Data/Vector/Generic/Mutable.hs, dist/dist-sandbox-b954466d/build/Data/Vector/Generic/Mutable.p_o )
[ 8 of 19] Compiling Data.Vector.Generic.Base ( Data/Vector/Generic/Base.hs, dist/dist-sandbox-b954466d/build/Data/Vector/Generic/Base.p_o )
[ 9 of 19] Compiling Data.Vector.Generic.New ( Data/Vector/Generic/New.hs, dist/dist-sandbox-b954466d/build/Data/Vector/Generic/New.p_o )
[10 of 19] Compiling Data.Vector.Generic ( Data/Vector/Generic.hs, dist/dist-sandbox-b954466d/build/Data/Vector/Generic.p_o )
[11 of 19] Compiling Data.Vector.Primitive.Mutable ( Data/Vector/Primitive/Mutable.hs, dist/dist-sandbox-b954466d/build/Data/Vector/Primitive/Mutable.p_o )
[12 of 19] Compiling Data.Vector.Primitive ( Data/Vector/Primitive.hs, dist/dist-sandbox-b954466d/build/Data/Vector/Primitive.p_o )
[13 of 19] Compiling Data.Vector.Storable.Mutable ( Data/Vector/Storable/Mutable.hs, dist/dist-sandbox-b954466d/build/Data/Vector/Storable/Mutable.p_o )

Data/Vector/Storable/Mutable.hs:449:1: Warning:
    Rule "unsafeFromForeignPtr fp 0 n -> unsafeFromForeignPtr0 fp n " may never fire
      because ‘unsafeFromForeignPtr’ might inline first
    Probable fix: add an INLINE[n] or NOINLINE[n] pragma on ‘unsafeFromForeignPtr’
[14 of 19] Compiling Data.Vector.Storable ( Data/Vector/Storable.hs, dist/dist-sandbox-b954466d/build/Data/Vector/Storable.p_o )

Data/Vector/Storable.hs:1397:1: Warning:
    Rule "unsafeFromForeignPtr fp 0 n -> unsafeFromForeignPtr0 fp n " may never fire
      because ‘unsafeFromForeignPtr’ might inline first
    Probable fix: add an INLINE[n] or NOINLINE[n] pragma on ‘unsafeFromForeignPtr’
[15 of 19] Compiling Data.Vector.Unboxed.Base ( Data/Vector/Unboxed/Base.hs, dist/dist-sandbox-b954466d/build/Data/Vector/Unboxed/Base.p_o )
[16 of 19] Compiling Data.Vector.Unboxed ( Data/Vector/Unboxed.hs, dist/dist-sandbox-b954466d/build/Data/Vector/Unboxed.p_o )
[17 of 19] Compiling Data.Vector.Unboxed.Mutable ( Data/Vector/Unboxed/Mutable.hs, dist/dist-sandbox-b954466d/build/Data/Vector/Unboxed/Mutable.p_o )
[18 of 19] Compiling Data.Vector.Mutable ( Data/Vector/Mutable.hs, dist/dist-sandbox-b954466d/build/Data/Vector/Mutable.p_o )
[19 of 19] Compiling Data.Vector      ( Data/Vector.hs, dist/dist-sandbox-b954466d/build/Data/Vector.p_o )
In-place registering vector-0.10.12.1...
Running Haddock for vector-0.10.12.1...
Preprocessing library vector-0.10.12.1...

Data/Vector/Fusion/Stream/Size.hs:25:10: Warning:
    No explicit implementation for
      ‘*’, ‘abs’, and ‘signum’
    In the instance declaration for ‘Num Size’
Haddock coverage:
  25% (  1 /  4) in 'Data.Vector.Storable.Internal'
 100% (  5 /  5) in 'Data.Vector.Fusion.Util'
 100% (  6 /  6) in 'Data.Vector.Fusion.Stream.Size'
  11% (  1 /  9) in 'Data.Vector.Internal.Check'
  83% (104 /126) in 'Data.Vector.Fusion.Stream.Monadic'
  85% ( 88 /104) in 'Data.Vector.Fusion.Stream'
  64% ( 42 / 66) in 'Data.Vector.Generic.Mutable'
 100% (  3 /  3) in 'Data.Vector.Generic.Base'
   5% (  1 / 20) in 'Data.Vector.Generic.New'
  93% (215 /232) in 'Data.Vector.Generic'
  76% ( 38 / 50) in 'Data.Vector.Primitive.Mutable'
  97% (185 /191) in 'Data.Vector.Primitive'
  79% ( 46 / 58) in 'Data.Vector.Storable.Mutable'
  97% (194 /200) in 'Data.Vector.Storable'
  17% (  1 /  6) in 'Data.Vector.Unboxed.Base'
  96% (201 /210) in 'Data.Vector.Unboxed'
  77% ( 47 / 61) in 'Data.Vector.Unboxed.Mutable'
  76% ( 37 / 49) in 'Data.Vector.Mutable'
  94% (199 /212) in 'Data.Vector'
Warning: Data.Vector.Unboxed: could not find link destinations for:
    Data.Vector.Unboxed.Base.TFCo:R:VectorBool Data.Vector.Unboxed.Base.V_Bool Data.Vector.Unboxed.Base.TFCo:R:VectorChar Data.Vector.Unboxed.Base.V_Char Data.Vector.Unboxed.Base.TFCo:R:VectorDouble Data.Vector.Unboxed.Base.V_Double Data.Vector.Unboxed.Base.TFCo:R:VectorFloat Data.Vector.Unboxed.Base.V_Float Data.Vector.Unboxed.Base.TFCo:R:VectorInt Data.Vector.Unboxed.Base.V_Int Data.Vector.Unboxed.Base.TFCo:R:VectorInt8 Data.Vector.Unboxed.Base.V_Int8 Data.Vector.Unboxed.Base.TFCo:R:VectorInt16 Data.Vector.Unboxed.Base.V_Int16 Data.Vector.Unboxed.Base.TFCo:R:VectorInt32 Data.Vector.Unboxed.Base.V_Int32 Data.Vector.Unboxed.Base.TFCo:R:VectorInt64 Data.Vector.Unboxed.Base.V_Int64 Data.Vector.Unboxed.Base.TFCo:R:VectorWord Data.Vector.Unboxed.Base.V_Word Data.Vector.Unboxed.Base.TFCo:R:VectorWord8 Data.Vector.Unboxed.Base.V_Word8 Data.Vector.Unboxed.Base.TFCo:R:VectorWord16 Data.Vector.Unboxed.Base.V_Word16 Data.Vector.Unboxed.Base.TFCo:R:VectorWord32 Data.Vector.Unboxed.Base.V_Word32 Data.Vector.Unboxed.Base.TFCo:R:VectorWord64 Data.Vector.Unboxed.Base.V_Word64 Data.Vector.Unboxed.Base.TFCo:R:Vector() Data.Vector.Unboxed.Base.V_Unit Data.Vector.Unboxed.Base.TFCo:R:VectorComplex Data.Vector.Unboxed.Base.V_Complex Data.Vector.Unboxed.Base.TFCo:R:Vector(,) Data.Vector.Unboxed.Base.V_2 Data.Vector.Unboxed.Base.TFCo:R:Vector(,,) Data.Vector.Unboxed.Base.V_3 Data.Vector.Unboxed.Base.TFCo:R:Vector(,,,) Data.Vector.Unboxed.Base.V_4 Data.Vector.Unboxed.Base.TFCo:R:Vector(,,,,) Data.Vector.Unboxed.Base.V_5 Data.Vector.Unboxed.Base.TFCo:R:Vector(,,,,,) Data.Vector.Unboxed.Base.V_6 Data.Vector.Unboxed.Base.TFCo:R:MVectorsBool Data.Vector.Unboxed.Base.MV_Bool Data.Vector.Unboxed.Base.TFCo:R:MVectorsChar Data.Vector.Unboxed.Base.MV_Char Data.Vector.Unboxed.Base.TFCo:R:MVectorsDouble Data.Vector.Unboxed.Base.MV_Double Data.Vector.Unboxed.Base.TFCo:R:MVectorsFloat Data.Vector.Unboxed.Base.MV_Float Data.Vector.Unboxed.Base.TFCo:R:MVectorsWord64 Data.Vector.Unboxed.Base.MV_Word64 Data.Vector.Unboxed.Base.TFCo:R:MVectorsWord32 Data.Vector.Unboxed.Base.MV_Word32 Data.Vector.Unboxed.Base.TFCo:R:MVectorsWord16 Data.Vector.Unboxed.Base.MV_Word16 Data.Vector.Unboxed.Base.TFCo:R:MVectorsWord8 Data.Vector.Unboxed.Base.MV_Word8 Data.Vector.Unboxed.Base.TFCo:R:MVectorsWord Data.Vector.Unboxed.Base.MV_Word Data.Vector.Unboxed.Base.TFCo:R:MVectorsInt64 Data.Vector.Unboxed.Base.MV_Int64 Data.Vector.Unboxed.Base.TFCo:R:MVectorsInt32 Data.Vector.Unboxed.Base.MV_Int32 Data.Vector.Unboxed.Base.TFCo:R:MVectorsInt16 Data.Vector.Unboxed.Base.MV_Int16 Data.Vector.Unboxed.Base.TFCo:R:MVectorsInt8 Data.Vector.Unboxed.Base.MV_Int8 Data.Vector.Unboxed.Base.TFCo:R:MVectorsInt Data.Vector.Unboxed.Base.MV_Int Data.Vector.Unboxed.Base.TFCo:R:MVectors() Data.Vector.Unboxed.Base.MV_Unit Data.Vector.Unboxed.Base.TFCo:R:MVectorsComplex Data.Vector.Unboxed.Base.MV_Complex Data.Vector.Unboxed.Base.TFCo:R:MVectors(,) Data.Vector.Unboxed.Base.MV_2 Data.Vector.Unboxed.Base.TFCo:R:MVectors(,,) Data.Vector.Unboxed.Base.MV_3 Data.Vector.Unboxed.Base.TFCo:R:MVectors(,,,) Data.Vector.Unboxed.Base.MV_4 Data.Vector.Unboxed.Base.TFCo:R:MVectors(,,,,) Data.Vector.Unboxed.Base.MV_5 Data.Vector.Unboxed.Base.TFCo:R:MVectors(,,,,,) Data.Vector.Unboxed.Base.MV_6
Warning: Data.Vector.Unboxed.Mutable: could not find link destinations for:
    Data.Vector.Unboxed.Base.TFCo:R:MVectorsBool Data.Vector.Unboxed.Base.MV_Bool Data.Vector.Unboxed.Base.TFCo:R:MVectorsChar Data.Vector.Unboxed.Base.MV_Char Data.Vector.Unboxed.Base.TFCo:R:MVectorsDouble Data.Vector.Unboxed.Base.MV_Double Data.Vector.Unboxed.Base.TFCo:R:MVectorsFloat Data.Vector.Unboxed.Base.MV_Float Data.Vector.Unboxed.Base.TFCo:R:MVectorsWord64 Data.Vector.Unboxed.Base.MV_Word64 Data.Vector.Unboxed.Base.TFCo:R:MVectorsWord32 Data.Vector.Unboxed.Base.MV_Word32 Data.Vector.Unboxed.Base.TFCo:R:MVectorsWord16 Data.Vector.Unboxed.Base.MV_Word16 Data.Vector.Unboxed.Base.TFCo:R:MVectorsWord8 Data.Vector.Unboxed.Base.MV_Word8 Data.Vector.Unboxed.Base.TFCo:R:MVectorsWord Data.Vector.Unboxed.Base.MV_Word Data.Vector.Unboxed.Base.TFCo:R:MVectorsInt64 Data.Vector.Unboxed.Base.MV_Int64 Data.Vector.Unboxed.Base.TFCo:R:MVectorsInt32 Data.Vector.Unboxed.Base.MV_Int32 Data.Vector.Unboxed.Base.TFCo:R:MVectorsInt16 Data.Vector.Unboxed.Base.MV_Int16 Data.Vector.Unboxed.Base.TFCo:R:MVectorsInt8 Data.Vector.Unboxed.Base.MV_Int8 Data.Vector.Unboxed.Base.TFCo:R:MVectorsInt Data.Vector.Unboxed.Base.MV_Int Data.Vector.Unboxed.Base.TFCo:R:MVectors() Data.Vector.Unboxed.Base.MV_Unit Data.Vector.Unboxed.Base.TFCo:R:MVectorsComplex Data.Vector.Unboxed.Base.MV_Complex Data.Vector.Unboxed.Base.TFCo:R:MVectors(,) Data.Vector.Unboxed.Base.MV_2 Data.Vector.Unboxed.Base.TFCo:R:MVectors(,,) Data.Vector.Unboxed.Base.MV_3 Data.Vector.Unboxed.Base.TFCo:R:MVectors(,,,) Data.Vector.Unboxed.Base.MV_4 Data.Vector.Unboxed.Base.TFCo:R:MVectors(,,,,) Data.Vector.Unboxed.Base.MV_5 Data.Vector.Unboxed.Base.TFCo:R:MVectors(,,,,,) Data.Vector.Unboxed.Base.MV_6
Documentation created: dist/dist-sandbox-b954466d/doc/html/vector/index.html
Creating package registration file:
/var/folders/s5/6vvs4vcd4xq3r6j9pzq2hc7r0000gp/T/pkgConf-vector-0.10.1220723.1
Installing library in
/Users/mathiashorrigan/Documents/edx/FP101x_introFunctionalProgramming/present/.cabal-sandbox/lib/x86_64-osx-ghc-7.8.3/vector-0.10.12.1
Registering vector-0.10.12.1...
